#
# There is insufficient memory for the Java Runtime Environment to continue.
# Native memory allocation (malloc) failed to allocate 143136 bytes for Chunk::new
# Possible reasons:
#   The system is out of physical RAM or swap space
#   The process is running with CompressedOops enabled, and the Java Heap may be blocking the growth of the native heap
# Possible solutions:
#   Reduce memory load on the system
#   Increase physical memory or swap space
#   Check if swap backing store is full
#   Decrease Java heap size (-Xmx/-Xms)
#   Decrease number of Java threads
#   Decrease Java thread stack sizes (-Xss)
#   Set larger code cache with -XX:ReservedCodeCacheSize=
#   JVM is running with Zero Based Compressed Oops mode in which the Java heap is
#     placed in the first 32GB address space. The Java Heap base address is the
#     maximum limit for the native heap growth. Please use -XX:HeapBaseMinAddress
#     to set the Java Heap base and to place the Java Heap above 32GB virtual address.
# This output file may be truncated or incomplete.
#
#  Out of Memory Error (arena.cpp:189), pid=20188, tid=20276
#
# JRE version: OpenJDK Runtime Environment Temurin-17.0.1+12 (17.0.1+12) (build 17.0.1+12)
# Java VM: OpenJDK 64-Bit Server VM Temurin-17.0.1+12 (17.0.1+12, mixed mode, tiered, compressed oops, compressed class ptrs, g1 gc, windows-amd64)
# No core dump will be written. Minidumps are not enabled by default on client versions of Windows
#

---------------  S U M M A R Y ------------

Command Line: -Dfile.encoding=Cp1252 -XX:+ShowCodeDetailsInExceptionMessages Main

Host: AMD EPYC-Rome Processor, 8 cores, 13G,  Windows 10 , 64 bit Build 19041 (10.0.19041.1566)
Time: Sun Apr  3 03:24:23 2022 GMT Summer Time elapsed time: 6005.446914 seconds (0d 1h 40m 5s)

---------------  T H R E A D  ---------------

Current thread (0x000001806e844af0):  JavaThread "C2 CompilerThread0" daemon [_thread_in_native, id=20276, stack(0x000000794c900000,0x000000794ca00000)]


Current CompileTask:
C2:6005447 1440 % !   4       sun.java2d.d3d.D3DScreenUpdateManager::run @ 105 (267 bytes)

Stack: [0x000000794c900000,0x000000794ca00000]
Native frames: (J=compiled Java code, j=interpreted, Vv=VM code, C=native code)
V  [jvm.dll+0x6744da]
V  [jvm.dll+0x82e144]
V  [jvm.dll+0x82f8ee]
V  [jvm.dll+0x82ff53]
V  [jvm.dll+0x245175]
V  [jvm.dll+0xab85b]
V  [jvm.dll+0xabdec]
V  [jvm.dll+0x2abf6f]
V  [jvm.dll+0x57b849]
V  [jvm.dll+0x22022d]
V  [jvm.dll+0x22060f]
V  [jvm.dll+0x219e6a]
V  [jvm.dll+0x217345]
V  [jvm.dll+0x1a355d]
V  [jvm.dll+0x226e38]
V  [jvm.dll+0x224f7c]
V  [jvm.dll+0x7e3f5b]
V  [jvm.dll+0x7de51a]
V  [jvm.dll+0x673305]
C  [ucrtbase.dll+0x21bb2]
C  [KERNEL32.DLL+0x17034]
C  [ntdll.dll+0x52651]


---------------  P R O C E S S  ---------------

Threads class SMR info:
_java_thread_list=0x0000018075eeda50, length=19, elements={
0x000001806de9cec0, 0x000001806de9dc40, 0x000001806e84aef0, 0x000001806e841030,
0x000001806e842900, 0x000001806e8431c0, 0x000001806e844af0, 0x000001806e8642c0,
0x000001806e8469d0, 0x000001806e9d43c0, 0x000001806e9d64d0, 0x000001806ededb50,
0x000001806edee020, 0x000001806edee640, 0x000001806f3fe560, 0x0000018075f18150,
0x000001805077e510, 0x0000018075ee8bf0, 0x00000180760225d0
}

Java Threads: ( => current thread )
  0x000001806de9cec0 JavaThread "Reference Handler" daemon [_thread_blocked, id=20252, stack(0x000000794c300000,0x000000794c400000)]
  0x000001806de9dc40 JavaThread "Finalizer" daemon [_thread_blocked, id=20256, stack(0x000000794c400000,0x000000794c500000)]
  0x000001806e84aef0 JavaThread "Signal Dispatcher" daemon [_thread_blocked, id=20260, stack(0x000000794c500000,0x000000794c600000)]
  0x000001806e841030 JavaThread "Attach Listener" daemon [_thread_blocked, id=20264, stack(0x000000794c600000,0x000000794c700000)]
  0x000001806e842900 JavaThread "Service Thread" daemon [_thread_blocked, id=20268, stack(0x000000794c700000,0x000000794c800000)]
  0x000001806e8431c0 JavaThread "Monitor Deflation Thread" daemon [_thread_blocked, id=20272, stack(0x000000794c800000,0x000000794c900000)]
=>0x000001806e844af0 JavaThread "C2 CompilerThread0" daemon [_thread_in_native, id=20276, stack(0x000000794c900000,0x000000794ca00000)]
  0x000001806e8642c0 JavaThread "C1 CompilerThread0" daemon [_thread_blocked, id=20280, stack(0x000000794ca00000,0x000000794cb00000)]
  0x000001806e8469d0 JavaThread "Sweeper thread" daemon [_thread_blocked, id=20284, stack(0x000000794cb00000,0x000000794cc00000)]
  0x000001806e9d43c0 JavaThread "Notification Thread" daemon [_thread_blocked, id=20288, stack(0x000000794cc00000,0x000000794cd00000)]
  0x000001806e9d64d0 JavaThread "Common-Cleaner" daemon [_thread_blocked, id=4176, stack(0x000000794ce00000,0x000000794cf00000)]
  0x000001806ededb50 JavaThread "Java2D Disposer" daemon [_thread_blocked, id=18944, stack(0x000000794cf00000,0x000000794d000000)]
  0x000001806edee020 JavaThread "AWT-Shutdown" [_thread_blocked, id=5688, stack(0x000000794d000000,0x000000794d100000)]
  0x000001806edee640 JavaThread "AWT-Windows" daemon [_thread_in_native, id=10716, stack(0x000000794d100000,0x000000794d200000)]
  0x000001806f3fe560 JavaThread "AWT-EventQueue-0" [_thread_blocked, id=13072, stack(0x000000794e400000,0x000000794e500000)]
  0x0000018075f18150 JavaThread "D3D Screen Updater" daemon [_thread_blocked, id=5440, stack(0x000000794e500000,0x000000794e600000)]
  0x000001805077e510 JavaThread "DestroyJavaVM" [_thread_blocked, id=20224, stack(0x000000794bc00000,0x000000794bd00000)]
  0x0000018075ee8bf0 JavaThread "TimerQueue" daemon [_thread_blocked, id=8700, stack(0x000000794e700000,0x000000794e800000)]
  0x00000180760225d0 JavaThread "mysql-cj-abandoned-connection-cleanup" daemon [_thread_blocked, id=16516, stack(0x000000794e800000,0x000000794e900000)]

Other Threads:
  0x000001806de98220 VMThread "VM Thread" [stack: 0x000000794c200000,0x000000794c300000] [id=20248]
  0x000001806e9781d0 WatcherThread [stack: 0x000000794cd00000,0x000000794ce00000] [id=18968]
  0x00000180507c7eb0 GCTaskThread "GC Thread#0" [stack: 0x000000794bd00000,0x000000794be00000] [id=20228]
  0x00000180507d91f0 ConcurrentGCThread "G1 Main Marker" [stack: 0x000000794be00000,0x000000794bf00000] [id=20232]
  0x00000180507d9c00 ConcurrentGCThread "G1 Conc#0" [stack: 0x000000794bf00000,0x000000794c000000] [id=20236]
  0x000001806dd124b0 ConcurrentGCThread "G1 Refine#0" [stack: 0x000000794c000000,0x000000794c100000] [id=20240]
  0x000001805084f040 ConcurrentGCThread "G1 Service" [stack: 0x000000794c100000,0x000000794c200000] [id=20244]

Threads with active compile tasks:
C2 CompilerThread0  6005471 1440 % !   4       sun.java2d.d3d.D3DScreenUpdateManager::run @ 105 (267 bytes)

VM state: not at safepoint (normal execution)

VM Mutex/Monitor currently owned by a thread: None

Heap address: 0x0000000723c00000, size: 3524 MB, Compressed Oops mode: Zero based, Oop shift amount: 3

CDS archive(s) not mapped
Compressed class space mapped at: 0x0000000800000000-0x0000000840000000, reserved size: 1073741824
Narrow klass base: 0x0000000800000000, Narrow klass shift: 0, Narrow klass range: 0x40000000

GC Precious Log:
 CPUs: 8 total, 8 available
 Memory: 14088M
 Large Page Support: Disabled
 NUMA Support: Disabled
 Compressed Oops: Enabled (Zero based)
 Heap Region Size: 2M
 Heap Min Capacity: 8M
 Heap Initial Capacity: 222M
 Heap Max Capacity: 3524M
 Pre-touch: Disabled
 Parallel Workers: 8
 Concurrent Workers: 2
 Concurrent Refinement Workers: 8
 Periodic GC: Disabled

Heap:
 garbage-first heap   total 227328K, used 20480K [0x0000000723c00000, 0x0000000800000000)
  region size 2048K, 11 young (22528K), 0 survivors (0K)
 Metaspace       used 20972K, committed 21184K, reserved 1073152K
  class space    used 2194K, committed 2304K, reserved 1048576K

Heap Regions: E=young(eden), S=young(survivor), O=old, HS=humongous(starts), HC=humongous(continues), CS=collection set, F=free, OA=open archive, CA=closed archive, TAMS=top-at-mark-start (previous, next)
|   0|0x0000000723c00000, 0x0000000723c00000, 0x0000000723e00000|  0%| F|  |TAMS 0x0000000723c00000, 0x0000000723c00000| Untracked 
|   1|0x0000000723e00000, 0x0000000723e00000, 0x0000000724000000|  0%| F|  |TAMS 0x0000000723e00000, 0x0000000723e00000| Untracked 
|   2|0x0000000724000000, 0x0000000724000000, 0x0000000724200000|  0%| F|  |TAMS 0x0000000724000000, 0x0000000724000000| Untracked 
|   3|0x0000000724200000, 0x0000000724200000, 0x0000000724400000|  0%| F|  |TAMS 0x0000000724200000, 0x0000000724200000| Untracked 
|   4|0x0000000724400000, 0x0000000724400000, 0x0000000724600000|  0%| F|  |TAMS 0x0000000724400000, 0x0000000724400000| Untracked 
|   5|0x0000000724600000, 0x0000000724600000, 0x0000000724800000|  0%| F|  |TAMS 0x0000000724600000, 0x0000000724600000| Untracked 
|   6|0x0000000724800000, 0x0000000724800000, 0x0000000724a00000|  0%| F|  |TAMS 0x0000000724800000, 0x0000000724800000| Untracked 
|   7|0x0000000724a00000, 0x0000000724a00000, 0x0000000724c00000|  0%| F|  |TAMS 0x0000000724a00000, 0x0000000724a00000| Untracked 
|   8|0x0000000724c00000, 0x0000000724c00000, 0x0000000724e00000|  0%| F|  |TAMS 0x0000000724c00000, 0x0000000724c00000| Untracked 
|   9|0x0000000724e00000, 0x0000000724e00000, 0x0000000725000000|  0%| F|  |TAMS 0x0000000724e00000, 0x0000000724e00000| Untracked 
|  10|0x0000000725000000, 0x0000000725000000, 0x0000000725200000|  0%| F|  |TAMS 0x0000000725000000, 0x0000000725000000| Untracked 
|  11|0x0000000725200000, 0x0000000725200000, 0x0000000725400000|  0%| F|  |TAMS 0x0000000725200000, 0x0000000725200000| Untracked 
|  12|0x0000000725400000, 0x0000000725400000, 0x0000000725600000|  0%| F|  |TAMS 0x0000000725400000, 0x0000000725400000| Untracked 
|  13|0x0000000725600000, 0x0000000725600000, 0x0000000725800000|  0%| F|  |TAMS 0x0000000725600000, 0x0000000725600000| Untracked 
|  14|0x0000000725800000, 0x0000000725800000, 0x0000000725a00000|  0%| F|  |TAMS 0x0000000725800000, 0x0000000725800000| Untracked 
|  15|0x0000000725a00000, 0x0000000725a00000, 0x0000000725c00000|  0%| F|  |TAMS 0x0000000725a00000, 0x0000000725a00000| Untracked 
|  16|0x0000000725c00000, 0x0000000725c00000, 0x0000000725e00000|  0%| F|  |TAMS 0x0000000725c00000, 0x0000000725c00000| Untracked 
|  17|0x0000000725e00000, 0x0000000725e00000, 0x0000000726000000|  0%| F|  |TAMS 0x0000000725e00000, 0x0000000725e00000| Untracked 
|  18|0x0000000726000000, 0x0000000726000000, 0x0000000726200000|  0%| F|  |TAMS 0x0000000726000000, 0x0000000726000000| Untracked 
|  19|0x0000000726200000, 0x0000000726200000, 0x0000000726400000|  0%| F|  |TAMS 0x0000000726200000, 0x0000000726200000| Untracked 
|  20|0x0000000726400000, 0x0000000726400000, 0x0000000726600000|  0%| F|  |TAMS 0x0000000726400000, 0x0000000726400000| Untracked 
|  21|0x0000000726600000, 0x0000000726600000, 0x0000000726800000|  0%| F|  |TAMS 0x0000000726600000, 0x0000000726600000| Untracked 
|  22|0x0000000726800000, 0x0000000726800000, 0x0000000726a00000|  0%| F|  |TAMS 0x0000000726800000, 0x0000000726800000| Untracked 
|  23|0x0000000726a00000, 0x0000000726a00000, 0x0000000726c00000|  0%| F|  |TAMS 0x0000000726a00000, 0x0000000726a00000| Untracked 
|  24|0x0000000726c00000, 0x0000000726c00000, 0x0000000726e00000|  0%| F|  |TAMS 0x0000000726c00000, 0x0000000726c00000| Untracked 
|  25|0x0000000726e00000, 0x0000000726e00000, 0x0000000727000000|  0%| F|  |TAMS 0x0000000726e00000, 0x0000000726e00000| Untracked 
|  26|0x0000000727000000, 0x0000000727000000, 0x0000000727200000|  0%| F|  |TAMS 0x0000000727000000, 0x0000000727000000| Untracked 
|  27|0x0000000727200000, 0x0000000727200000, 0x0000000727400000|  0%| F|  |TAMS 0x0000000727200000, 0x0000000727200000| Untracked 
|  28|0x0000000727400000, 0x0000000727400000, 0x0000000727600000|  0%| F|  |TAMS 0x0000000727400000, 0x0000000727400000| Untracked 
|  29|0x0000000727600000, 0x0000000727600000, 0x0000000727800000|  0%| F|  |TAMS 0x0000000727600000, 0x0000000727600000| Untracked 
|  30|0x0000000727800000, 0x0000000727800000, 0x0000000727a00000|  0%| F|  |TAMS 0x0000000727800000, 0x0000000727800000| Untracked 
|  31|0x0000000727a00000, 0x0000000727a00000, 0x0000000727c00000|  0%| F|  |TAMS 0x0000000727a00000, 0x0000000727a00000| Untracked 
|  32|0x0000000727c00000, 0x0000000727c00000, 0x0000000727e00000|  0%| F|  |TAMS 0x0000000727c00000, 0x0000000727c00000| Untracked 
|  33|0x0000000727e00000, 0x0000000727e00000, 0x0000000728000000|  0%| F|  |TAMS 0x0000000727e00000, 0x0000000727e00000| Untracked 
|  34|0x0000000728000000, 0x0000000728000000, 0x0000000728200000|  0%| F|  |TAMS 0x0000000728000000, 0x0000000728000000| Untracked 
|  35|0x0000000728200000, 0x0000000728200000, 0x0000000728400000|  0%| F|  |TAMS 0x0000000728200000, 0x0000000728200000| Untracked 
|  36|0x0000000728400000, 0x0000000728400000, 0x0000000728600000|  0%| F|  |TAMS 0x0000000728400000, 0x0000000728400000| Untracked 
|  37|0x0000000728600000, 0x0000000728600000, 0x0000000728800000|  0%| F|  |TAMS 0x0000000728600000, 0x0000000728600000| Untracked 
|  38|0x0000000728800000, 0x0000000728800000, 0x0000000728a00000|  0%| F|  |TAMS 0x0000000728800000, 0x0000000728800000| Untracked 
|  39|0x0000000728a00000, 0x0000000728a00000, 0x0000000728c00000|  0%| F|  |TAMS 0x0000000728a00000, 0x0000000728a00000| Untracked 
|  40|0x0000000728c00000, 0x0000000728c00000, 0x0000000728e00000|  0%| F|  |TAMS 0x0000000728c00000, 0x0000000728c00000| Untracked 
|  41|0x0000000728e00000, 0x0000000728e00000, 0x0000000729000000|  0%| F|  |TAMS 0x0000000728e00000, 0x0000000728e00000| Untracked 
|  42|0x0000000729000000, 0x0000000729000000, 0x0000000729200000|  0%| F|  |TAMS 0x0000000729000000, 0x0000000729000000| Untracked 
|  43|0x0000000729200000, 0x0000000729200000, 0x0000000729400000|  0%| F|  |TAMS 0x0000000729200000, 0x0000000729200000| Untracked 
|  44|0x0000000729400000, 0x0000000729400000, 0x0000000729600000|  0%| F|  |TAMS 0x0000000729400000, 0x0000000729400000| Untracked 
|  45|0x0000000729600000, 0x0000000729600000, 0x0000000729800000|  0%| F|  |TAMS 0x0000000729600000, 0x0000000729600000| Untracked 
|  46|0x0000000729800000, 0x0000000729800000, 0x0000000729a00000|  0%| F|  |TAMS 0x0000000729800000, 0x0000000729800000| Untracked 
|  47|0x0000000729a00000, 0x0000000729a00000, 0x0000000729c00000|  0%| F|  |TAMS 0x0000000729a00000, 0x0000000729a00000| Untracked 
|  48|0x0000000729c00000, 0x0000000729c00000, 0x0000000729e00000|  0%| F|  |TAMS 0x0000000729c00000, 0x0000000729c00000| Untracked 
|  49|0x0000000729e00000, 0x0000000729e00000, 0x000000072a000000|  0%| F|  |TAMS 0x0000000729e00000, 0x0000000729e00000| Untracked 
|  50|0x000000072a000000, 0x000000072a000000, 0x000000072a200000|  0%| F|  |TAMS 0x000000072a000000, 0x000000072a000000| Untracked 
|  51|0x000000072a200000, 0x000000072a200000, 0x000000072a400000|  0%| F|  |TAMS 0x000000072a200000, 0x000000072a200000| Untracked 
|  52|0x000000072a400000, 0x000000072a400000, 0x000000072a600000|  0%| F|  |TAMS 0x000000072a400000, 0x000000072a400000| Untracked 
|  53|0x000000072a600000, 0x000000072a600000, 0x000000072a800000|  0%| F|  |TAMS 0x000000072a600000, 0x000000072a600000| Untracked 
|  54|0x000000072a800000, 0x000000072a800000, 0x000000072aa00000|  0%| F|  |TAMS 0x000000072a800000, 0x000000072a800000| Untracked 
|  55|0x000000072aa00000, 0x000000072aa00000, 0x000000072ac00000|  0%| F|  |TAMS 0x000000072aa00000, 0x000000072aa00000| Untracked 
|  56|0x000000072ac00000, 0x000000072ac00000, 0x000000072ae00000|  0%| F|  |TAMS 0x000000072ac00000, 0x000000072ac00000| Untracked 
|  57|0x000000072ae00000, 0x000000072ae00000, 0x000000072b000000|  0%| F|  |TAMS 0x000000072ae00000, 0x000000072ae00000| Untracked 
|  58|0x000000072b000000, 0x000000072b000000, 0x000000072b200000|  0%| F|  |TAMS 0x000000072b000000, 0x000000072b000000| Untracked 
|  59|0x000000072b200000, 0x000000072b200000, 0x000000072b400000|  0%| F|  |TAMS 0x000000072b200000, 0x000000072b200000| Untracked 
|  60|0x000000072b400000, 0x000000072b400000, 0x000000072b600000|  0%| F|  |TAMS 0x000000072b400000, 0x000000072b400000| Untracked 
|  61|0x000000072b600000, 0x000000072b600000, 0x000000072b800000|  0%| F|  |TAMS 0x000000072b600000, 0x000000072b600000| Untracked 
|  62|0x000000072b800000, 0x000000072b800000, 0x000000072ba00000|  0%| F|  |TAMS 0x000000072b800000, 0x000000072b800000| Untracked 
|  63|0x000000072ba00000, 0x000000072ba00000, 0x000000072bc00000|  0%| F|  |TAMS 0x000000072ba00000, 0x000000072ba00000| Untracked 
|  64|0x000000072bc00000, 0x000000072bc00000, 0x000000072be00000|  0%| F|  |TAMS 0x000000072bc00000, 0x000000072bc00000| Untracked 
|  65|0x000000072be00000, 0x000000072be00000, 0x000000072c000000|  0%| F|  |TAMS 0x000000072be00000, 0x000000072be00000| Untracked 
|  66|0x000000072c000000, 0x000000072c000000, 0x000000072c200000|  0%| F|  |TAMS 0x000000072c000000, 0x000000072c000000| Untracked 
|  67|0x000000072c200000, 0x000000072c200000, 0x000000072c400000|  0%| F|  |TAMS 0x000000072c200000, 0x000000072c200000| Untracked 
|  68|0x000000072c400000, 0x000000072c400000, 0x000000072c600000|  0%| F|  |TAMS 0x000000072c400000, 0x000000072c400000| Untracked 
|  69|0x000000072c600000, 0x000000072c600000, 0x000000072c800000|  0%| F|  |TAMS 0x000000072c600000, 0x000000072c600000| Untracked 
|  70|0x000000072c800000, 0x000000072c800000, 0x000000072ca00000|  0%| F|  |TAMS 0x000000072c800000, 0x000000072c800000| Untracked 
|  71|0x000000072ca00000, 0x000000072ca00000, 0x000000072cc00000|  0%| F|  |TAMS 0x000000072ca00000, 0x000000072ca00000| Untracked 
|  72|0x000000072cc00000, 0x000000072cc00000, 0x000000072ce00000|  0%| F|  |TAMS 0x000000072cc00000, 0x000000072cc00000| Untracked 
|  73|0x000000072ce00000, 0x000000072ce00000, 0x000000072d000000|  0%| F|  |TAMS 0x000000072ce00000, 0x000000072ce00000| Untracked 
|  74|0x000000072d000000, 0x000000072d000000, 0x000000072d200000|  0%| F|  |TAMS 0x000000072d000000, 0x000000072d000000| Untracked 
|  75|0x000000072d200000, 0x000000072d200000, 0x000000072d400000|  0%| F|  |TAMS 0x000000072d200000, 0x000000072d200000| Untracked 
|  76|0x000000072d400000, 0x000000072d400000, 0x000000072d600000|  0%| F|  |TAMS 0x000000072d400000, 0x000000072d400000| Untracked 
|  77|0x000000072d600000, 0x000000072d600000, 0x000000072d800000|  0%| F|  |TAMS 0x000000072d600000, 0x000000072d600000| Untracked 
|  78|0x000000072d800000, 0x000000072d800000, 0x000000072da00000|  0%| F|  |TAMS 0x000000072d800000, 0x000000072d800000| Untracked 
|  79|0x000000072da00000, 0x000000072da00000, 0x000000072dc00000|  0%| F|  |TAMS 0x000000072da00000, 0x000000072da00000| Untracked 
|  80|0x000000072dc00000, 0x000000072dc00000, 0x000000072de00000|  0%| F|  |TAMS 0x000000072dc00000, 0x000000072dc00000| Untracked 
|  81|0x000000072de00000, 0x000000072de00000, 0x000000072e000000|  0%| F|  |TAMS 0x000000072de00000, 0x000000072de00000| Untracked 
|  82|0x000000072e000000, 0x000000072e000000, 0x000000072e200000|  0%| F|  |TAMS 0x000000072e000000, 0x000000072e000000| Untracked 
|  83|0x000000072e200000, 0x000000072e200000, 0x000000072e400000|  0%| F|  |TAMS 0x000000072e200000, 0x000000072e200000| Untracked 
|  84|0x000000072e400000, 0x000000072e400000, 0x000000072e600000|  0%| F|  |TAMS 0x000000072e400000, 0x000000072e400000| Untracked 
|  85|0x000000072e600000, 0x000000072e600000, 0x000000072e800000|  0%| F|  |TAMS 0x000000072e600000, 0x000000072e600000| Untracked 
|  86|0x000000072e800000, 0x000000072e800000, 0x000000072ea00000|  0%| F|  |TAMS 0x000000072e800000, 0x000000072e800000| Untracked 
|  87|0x000000072ea00000, 0x000000072ea00000, 0x000000072ec00000|  0%| F|  |TAMS 0x000000072ea00000, 0x000000072ea00000| Untracked 
|  88|0x000000072ec00000, 0x000000072ec00000, 0x000000072ee00000|  0%| F|  |TAMS 0x000000072ec00000, 0x000000072ec00000| Untracked 
|  89|0x000000072ee00000, 0x000000072ee00000, 0x000000072f000000|  0%| F|  |TAMS 0x000000072ee00000, 0x000000072ee00000| Untracked 
|  90|0x000000072f000000, 0x000000072f000000, 0x000000072f200000|  0%| F|  |TAMS 0x000000072f000000, 0x000000072f000000| Untracked 
|  91|0x000000072f200000, 0x000000072f200000, 0x000000072f400000|  0%| F|  |TAMS 0x000000072f200000, 0x000000072f200000| Untracked 
|  92|0x000000072f400000, 0x000000072f400000, 0x000000072f600000|  0%| F|  |TAMS 0x000000072f400000, 0x000000072f400000| Untracked 
|  93|0x000000072f600000, 0x000000072f600000, 0x000000072f800000|  0%| F|  |TAMS 0x000000072f600000, 0x000000072f600000| Untracked 
|  94|0x000000072f800000, 0x000000072f800000, 0x000000072fa00000|  0%| F|  |TAMS 0x000000072f800000, 0x000000072f800000| Untracked 
|  95|0x000000072fa00000, 0x000000072fa00000, 0x000000072fc00000|  0%| F|  |TAMS 0x000000072fa00000, 0x000000072fa00000| Untracked 
|  96|0x000000072fc00000, 0x000000072fc00000, 0x000000072fe00000|  0%| F|  |TAMS 0x000000072fc00000, 0x000000072fc00000| Untracked 
|  97|0x000000072fe00000, 0x000000072fe00000, 0x0000000730000000|  0%| F|  |TAMS 0x000000072fe00000, 0x000000072fe00000| Untracked 
|  98|0x0000000730000000, 0x0000000730000000, 0x0000000730200000|  0%| F|  |TAMS 0x0000000730000000, 0x0000000730000000| Untracked 
|  99|0x0000000730200000, 0x0000000730200000, 0x0000000730400000|  0%| F|  |TAMS 0x0000000730200000, 0x0000000730200000| Untracked 
| 100|0x0000000730400000, 0x0000000730600000, 0x0000000730600000|100%| E|  |TAMS 0x0000000730400000, 0x0000000730400000| Complete 
| 101|0x0000000730600000, 0x0000000730800000, 0x0000000730800000|100%| E|CS|TAMS 0x0000000730600000, 0x0000000730600000| Complete 
| 102|0x0000000730800000, 0x0000000730a00000, 0x0000000730a00000|100%| E|CS|TAMS 0x0000000730800000, 0x0000000730800000| Complete 
| 103|0x0000000730a00000, 0x0000000730c00000, 0x0000000730c00000|100%| E|CS|TAMS 0x0000000730a00000, 0x0000000730a00000| Complete 
| 104|0x0000000730c00000, 0x0000000730e00000, 0x0000000730e00000|100%| E|CS|TAMS 0x0000000730c00000, 0x0000000730c00000| Complete 
| 105|0x0000000730e00000, 0x0000000731000000, 0x0000000731000000|100%| E|CS|TAMS 0x0000000730e00000, 0x0000000730e00000| Complete 
| 106|0x0000000731000000, 0x0000000731200000, 0x0000000731200000|100%| E|CS|TAMS 0x0000000731000000, 0x0000000731000000| Complete 
| 107|0x0000000731200000, 0x0000000731400000, 0x0000000731400000|100%| E|CS|TAMS 0x0000000731200000, 0x0000000731200000| Complete 
| 108|0x0000000731400000, 0x0000000731600000, 0x0000000731600000|100%| E|CS|TAMS 0x0000000731400000, 0x0000000731400000| Complete 
| 109|0x0000000731600000, 0x0000000731800000, 0x0000000731800000|100%| E|CS|TAMS 0x0000000731600000, 0x0000000731600000| Complete 
| 110|0x0000000731800000, 0x0000000731a00000, 0x0000000731a00000|100%| E|CS|TAMS 0x0000000731800000, 0x0000000731800000| Complete 

Card table byte_map: [0x0000018063850000,0x0000018063f40000] _byte_map_base: 0x000001805ff32000

Marking Bits (Prev, Next): (CMBitMap*) 0x00000180507c94d0, (CMBitMap*) 0x00000180507c9510
 Prev Bits: [0x0000018064630000, 0x0000018067d40000)
 Next Bits: [0x0000018067d40000, 0x000001806b450000)

Polling page: 0x000001804e730000

Metaspace:

Usage:
  Non-class:     18.34 MB used.
      Class:      2.14 MB used.
       Both:     20.48 MB used.

Virtual space:
  Non-class space:       24.00 MB reserved,      18.44 MB ( 77%) committed,  3 nodes.
      Class space:        1.00 GB reserved,       2.25 MB ( <1%) committed,  1 nodes.
             Both:        1.02 GB reserved,      20.69 MB (  2%) committed. 

Chunk freelists:
   Non-Class:  1.00 MB
       Class:  1.70 MB
        Both:  2.70 MB

MaxMetaspaceSize: unlimited
CompressedClassSpaceSize: 1.00 GB
Initial GC threshold: 21.00 MB
Current GC threshold: 21.00 MB
CDS: off
MetaspaceReclaimPolicy: balanced
 - commit_granule_bytes: 65536.
 - commit_granule_words: 8192.
 - virtual_space_node_default_size: 1048576.
 - enlarge_chunks_in_place: 1.
 - new_chunks_are_fully_committed: 0.
 - uncommit_free_chunks: 1.
 - use_allocation_guard: 0.
 - handle_deallocations: 1.


Internal statistics:

num_allocs_failed_limit: 0.
num_arena_births: 130.
num_arena_deaths: 0.
num_vsnodes_births: 4.
num_vsnodes_deaths: 0.
num_space_committed: 331.
num_space_uncommitted: 0.
num_chunks_returned_to_freelist: 0.
num_chunks_taken_from_freelist: 324.
num_chunk_merges: 0.
num_chunk_splits: 189.
num_chunks_enlarged: 117.
num_purges: 0.
num_inconsistent_stats: 0.

CodeHeap 'non-profiled nmethods': size=120000Kb used=453Kb max_used=453Kb free=119546Kb
 bounds [0x000001805b900000, 0x000001805bb70000, 0x0000018062e30000]
CodeHeap 'profiled nmethods': size=120000Kb used=2439Kb max_used=2439Kb free=117560Kb
 bounds [0x00000180543d0000, 0x0000018054640000, 0x000001805b900000]
CodeHeap 'non-nmethods': size=5760Kb used=1313Kb max_used=1330Kb free=4446Kb
 bounds [0x0000018053e30000, 0x00000180540a0000, 0x00000180543d0000]
 total_blobs=2088 nmethods=1438 adapters=563
 compilation: enabled
              stopped_count=0, restarted_count=0
 full_count=0

Compilation events (20 events):
Event: 1801.490 Thread 0x000001806e844af0 nmethod 1429 0x000001805b96cd10 code [0x000001805b96cec0, 0x000001805b96d5e8]
Event: 2407.424 Thread 0x000001806e844af0 1430       4       java.io.WinNTFileSystem::normalize (143 bytes)
Event: 2407.427 Thread 0x000001806e844af0 nmethod 1430 0x000001805b96d910 code [0x000001805b96dac0, 0x000001805b96dd68]
Event: 2732.850 Thread 0x000001806e844af0 1431       4       java.lang.ref.SoftReference::get (29 bytes)
Event: 2732.851 Thread 0x000001806e844af0 nmethod 1431 0x000001805b96df90 code [0x000001805b96e100, 0x000001805b96e218]
Event: 2792.946 Thread 0x000001806e844af0 1432       4       sun.net.www.ParseUtil::firstEncodeIndex (86 bytes)
Event: 2792.949 Thread 0x000001806e844af0 nmethod 1432 0x000001805b96e310 code [0x000001805b96e4a0, 0x000001805b96e678]
Event: 3281.441 Thread 0x000001806e8642c0 1433 % !   3       sun.java2d.d3d.D3DScreenUpdateManager::run @ 0 (267 bytes)
Event: 3281.444 Thread 0x000001806e8642c0 nmethod 1433% 0x000001805462a710 code [0x000001805462ab60, 0x000001805462d388]
Event: 3337.044 Thread 0x000001806e8642c0 1434   !   3       sun.java2d.d3d.D3DScreenUpdateManager::run (267 bytes)
Event: 3337.047 Thread 0x000001806e8642c0 nmethod 1434 0x000001805462e390 code [0x000001805462e7e0, 0x0000018054630f88]
Event: 3448.287 Thread 0x000001806e844af0 1435       4       sun.java2d.StateTrackableDelegate$1::isCurrent (17 bytes)
Event: 3448.287 Thread 0x000001806e844af0 nmethod 1435 0x000001805b96e890 code [0x000001805b96ea00, 0x000001805b96eab8]
Event: 4430.622 Thread 0x000001806e844af0 1436       4       java.lang.String::replace (42 bytes)
Event: 4430.636 Thread 0x000001806e844af0 nmethod 1436 0x000001805b96eb90 code [0x000001805b96ed20, 0x000001805b96f2d8]
Event: 4701.074 Thread 0x000001806e844af0 1437       4       java.lang.AbstractStringBuilder::<init> (39 bytes)
Event: 4701.076 Thread 0x000001806e844af0 nmethod 1437 0x000001805b96f610 code [0x000001805b96f7a0, 0x000001805b96f9f8]
Event: 5505.635 Thread 0x000001806e844af0 1439 % !   4       sun.java2d.d3d.D3DScreenUpdateManager::run @ 0 (267 bytes)
Event: 5505.653 Thread 0x000001806e844af0 nmethod 1439% 0x000001805b96fe90 code [0x000001805b970080, 0x000001805b970ef8]
Event: 6005.433 Thread 0x000001806e844af0 1440 % !   4       sun.java2d.d3d.D3DScreenUpdateManager::run @ 105 (267 bytes)

GC Heap History (0 events):
No events

Deoptimization events (20 events):
Event: 3.995 Thread 0x000001806f3fe560 DEOPT PACKING pc=0x000001805b950f80 sp=0x000000794e4fd260
Event: 3.995 Thread 0x000001806f3fe560 DEOPT UNPACKING pc=0x0000018053e823a3 sp=0x000000794e4fd200 mode 2
Event: 4.065 Thread 0x000001806f3fe560 Uncommon trap: trap_request=0xffffffc6 fr.pc=0x000001805b950f80 relative=0x0000000000000620
Event: 4.065 Thread 0x000001806f3fe560 Uncommon trap: reason=bimorphic_or_optimized_type_check action=maybe_recompile pc=0x000001805b950f80 method=java.util.concurrent.ConcurrentHashMap.get(Ljava/lang/Object;)Ljava/lang/Object; @ 149 c2
Event: 4.065 Thread 0x000001806f3fe560 DEOPT PACKING pc=0x000001805b950f80 sp=0x000000794e4fcaf0
Event: 4.065 Thread 0x000001806f3fe560 DEOPT UNPACKING pc=0x0000018053e823a3 sp=0x000000794e4fca90 mode 2
Event: 4.067 Thread 0x000001806f3fe560 Uncommon trap: trap_request=0xffffffc6 fr.pc=0x000001805b950f80 relative=0x0000000000000620
Event: 4.067 Thread 0x000001806f3fe560 Uncommon trap: reason=bimorphic_or_optimized_type_check action=maybe_recompile pc=0x000001805b950f80 method=java.util.concurrent.ConcurrentHashMap.get(Ljava/lang/Object;)Ljava/lang/Object; @ 149 c2
Event: 4.067 Thread 0x000001806f3fe560 DEOPT PACKING pc=0x000001805b950f80 sp=0x000000794e4fcaf0
Event: 4.067 Thread 0x000001806f3fe560 DEOPT UNPACKING pc=0x0000018053e823a3 sp=0x000000794e4fca90 mode 2
Event: 442.484 Thread 0x0000018075f18150 Uncommon trap: trap_request=0xffffffcc fr.pc=0x000001805b96a364 relative=0x0000000000000244
Event: 442.484 Thread 0x0000018075f18150 Uncommon trap: reason=intrinsic_or_type_checked_inlining action=make_not_entrant pc=0x000001805b96a364 method=java.util.Arrays.copyOf([Ljava/lang/Object;ILjava/lang/Class;)[Ljava/lang/Object; @ 35 c2
Event: 442.484 Thread 0x0000018075f18150 DEOPT PACKING pc=0x000001805b96a364 sp=0x000000794e5ff4c0
Event: 442.484 Thread 0x0000018075f18150 DEOPT UNPACKING pc=0x0000018053e823a3 sp=0x000000794e5ff450 mode 2
Event: 557.941 Thread 0x0000018075f18150 Uncommon trap: trap_request=0xffffffdc fr.pc=0x000001805b96b3c8 relative=0x00000000000001a8
Event: 557.941 Thread 0x0000018075f18150 Uncommon trap: reason=class_check action=make_not_entrant pc=0x000001805b96b3c8 method=java.util.ArrayList.toArray([Ljava/lang/Object;)[Ljava/lang/Object; @ 21 c2
Event: 557.941 Thread 0x0000018075f18150 DEOPT PACKING pc=0x000001805b96b3c8 sp=0x000000794e5ff520
Event: 557.941 Thread 0x0000018075f18150 DEOPT UNPACKING pc=0x0000018053e823a3 sp=0x000000794e5ff4e0 mode 2
Event: 5949.891 Thread 0x0000018075f18150 DEOPT PACKING pc=0x000001805462d0ff sp=0x000000794e5ff4e0
Event: 5949.891 Thread 0x0000018075f18150 DEOPT UNPACKING pc=0x0000018053e82b43 sp=0x000000794e5fea70 mode 0

Classes unloaded (0 events):
No events

Classes redefined (0 events):
No events

Internal exceptions (17 events):
Event: 0.256 Thread 0x000001805077e510 Exception <a 'java/lang/ClassNotFoundException'{0x0000000731712d50}: sun/awt/resources/spi/awtProvider> (0x0000000731712d50) 
thrown [e:\jenkins\tmp\workspace\build\src\src\hotspot\share\classfile\systemDictionary.cpp, line 256]
Event: 0.288 Thread 0x000001805077e510 Exception <a 'java/io/FileNotFoundException'{0x000000073176d550}> (0x000000073176d550) 
thrown [e:\jenkins\tmp\workspace\build\src\src\hotspot\share\prims\jni.cpp, line 516]
Event: 0.295 Thread 0x000001805077e510 Exception <a 'java/io/FileNotFoundException'{0x000000073179a708}> (0x000000073179a708) 
thrown [e:\jenkins\tmp\workspace\build\src\src\hotspot\share\prims\jni.cpp, line 516]
Event: 0.356 Thread 0x000001805077e510 Exception <a 'java/lang/NoSuchMethodError'{0x00000007317eaef8}: 'java.lang.Object java.lang.invoke.DirectMethodHandle$Holder.invokeStaticInit(java.lang.Object)'> (0x00000007317eaef8) 
thrown [e:\jenkins\tmp\workspace\build\src\src\hotspot\share\interpreter\linkResolver.cpp, line 766]
Event: 0.530 Thread 0x000001805077e510 Exception <a 'java/lang/NoSuchMethodError'{0x00000007314a7ee0}: 'void java.lang.invoke.DirectMethodHandle$Holder.invokeSpecial(java.lang.Object, java.lang.Object, java.lang.Object)'> (0x00000007314a7ee0) 
thrown [e:\jenkins\tmp\workspace\build\src\src\hotspot\share\interpreter\linkResolver.cpp, line 766]
Event: 0.536 Thread 0x000001805077e510 Exception <a 'java/lang/NoSuchMethodError'{0x00000007314d21a0}: 'java.lang.Object java.lang.invoke.DirectMethodHandle$Holder.newInvokeSpecial(java.lang.Object, java.lang.Object, java.lang.Object, java.lang.Object, java.lang.Object)'> (0x00000007314d21a0) 
thrown [e:\jenkins\tmp\workspace\build\src\src\hotspot\share\interpreter\linkResolver.cpp, line 766]
Event: 0.538 Thread 0x000001805077e510 Exception <a 'java/lang/NoSuchMethodError'{0x00000007314ddb68}: 'java.lang.Object java.lang.invoke.DirectMethodHandle$Holder.invokeStatic(java.lang.Object, int, java.lang.Object, java.lang.Object, java.lang.Object, java.lang.Object)'> (0x00000007314ddb68) 
thrown [e:\jenkins\tmp\workspace\build\src\src\hotspot\share\interpreter\linkResolver.cpp, line 766]
Event: 0.542 Thread 0x000001805077e510 Exception <a 'java/lang/NoSuchMethodError'{0x0000000731503568}: 'java.lang.Object java.lang.invoke.DirectMethodHandle$Holder.invokeStatic(java.lang.Object, int, java.lang.Object)'> (0x0000000731503568) 
thrown [e:\jenkins\tmp\workspace\build\src\src\hotspot\share\interpreter\linkResolver.cpp, line 766]
Event: 0.571 Thread 0x000001805077e510 Exception <a 'java/lang/ClassNotFoundException'{0x00000007315bb3a0}: com/sun/swing/internal/plaf/metal/resources/spi/metalProvider> (0x00000007315bb3a0) 
thrown [e:\jenkins\tmp\workspace\build\src\src\hotspot\share\classfile\systemDictionary.cpp, line 256]
Event: 0.572 Thread 0x000001805077e510 Exception <a 'java/lang/ClassNotFoundException'{0x00000007315bf1f8}: com/sun/swing/internal/plaf/basic/resources/spi/basicProvider> (0x00000007315bf1f8) 
thrown [e:\jenkins\tmp\workspace\build\src\src\hotspot\share\classfile\systemDictionary.cpp, line 256]
Event: 0.595 Thread 0x000001806edee640 Exception <a 'java/lang/NoSuchMethodError'{0x000000073140fa88}: 'void java.lang.invoke.DirectMethodHandle$Holder.invokeVirtual(java.lang.Object, java.lang.Object)'> (0x000000073140fa88) 
thrown [e:\jenkins\tmp\workspace\build\src\src\hotspot\share\interpreter\linkResolver.cpp, line 766]
Event: 0.617 Thread 0x000001805077e510 Exception <a 'java/lang/NoSuchMethodError'{0x00000007315f9860}: 'void java.lang.invoke.DirectMethodHandle$Holder.invokeStaticInit(java.lang.Object)'> (0x00000007315f9860) 
thrown [e:\jenkins\tmp\workspace\build\src\src\hotspot\share\interpreter\linkResolver.cpp, line 766]
Event: 3.740 Thread 0x000001806f3fe560 Exception <a 'java/lang/NoSuchMethodError'{0x0000000730e046d0}: 'java.lang.Object java.lang.invoke.DirectMethodHandle$Holder.invokeInterface(java.lang.Object, java.lang.Object)'> (0x0000000730e046d0) 
thrown [e:\jenkins\tmp\workspace\build\src\src\hotspot\share\interpreter\linkResolver.cpp, line 766]
Event: 3.774 Thread 0x000001806f3fe560 Exception <a 'java/lang/NoSuchMethodError'{0x0000000730e849e8}: 'void java.lang.invoke.DirectMethodHandle$Holder.invokeStatic(java.lang.Object, java.lang.Object, java.lang.Object)'> (0x0000000730e849e8) 
thrown [e:\jenkins\tmp\workspace\build\src\src\hotspot\share\interpreter\linkResolver.cpp, line 766]
Event: 3.776 Thread 0x000001806f3fe560 Exception <a 'java/lang/NoSuchMethodError'{0x0000000730e8ef20}: 'java.lang.Object java.lang.invoke.DirectMethodHandle$Holder.invokeVirtual(java.lang.Object, java.lang.Object, java.lang.Object)'> (0x0000000730e8ef20) 
thrown [e:\jenkins\tmp\workspace\build\src\src\hotspot\share\interpreter\linkResolver.cpp, line 766]
Event: 3.894 Thread 0x000001806f3fe560 Exception <a 'java/lang/NoSuchMethodError'{0x0000000730df00f0}: 'void java.lang.invoke.DirectMethodHandle$Holder.invokeStatic(java.lang.Object, java.lang.Object)'> (0x0000000730df00f0) 
thrown [e:\jenkins\tmp\workspace\build\src\src\hotspot\share\interpreter\linkResolver.cpp, line 766]
Event: 4.094 Thread 0x000001806f3fe560 Exception <a 'java/lang/NoSuchMethodError'{0x0000000730705bf0}: 'void java.lang.invoke.DirectMethodHandle$Holder.invokeStaticInit(java.lang.Object, java.lang.Object)'> (0x0000000730705bf0) 
thrown [e:\jenkins\tmp\workspace\build\src\src\hotspot\share\interpreter\linkResolver.cpp, line 766]

VM Operations (20 events):
Event: 2.733 Executing VM operation: Cleanup
Event: 2.733 Executing VM operation: Cleanup done
Event: 3.704 Executing VM operation: HandshakeAllThreads
Event: 3.704 Executing VM operation: HandshakeAllThreads done
Event: 3.877 Executing VM operation: HandshakeAllThreads
Event: 3.877 Executing VM operation: HandshakeAllThreads done
Event: 3.877 Executing VM operation: Cleanup
Event: 3.877 Executing VM operation: Cleanup done
Event: 3.975 Executing VM operation: HandshakeAllThreads
Event: 3.975 Executing VM operation: HandshakeAllThreads done
Event: 4.986 Executing VM operation: Cleanup
Event: 4.986 Executing VM operation: Cleanup done
Event: 625.146 Executing VM operation: Cleanup
Event: 625.146 Executing VM operation: Cleanup done
Event: 1050.438 Executing VM operation: Cleanup
Event: 1050.438 Executing VM operation: Cleanup done
Event: 1246.404 Executing VM operation: Cleanup
Event: 1246.404 Executing VM operation: Cleanup done
Event: 3448.580 Executing VM operation: Cleanup
Event: 3448.580 Executing VM operation: Cleanup done

Events (20 events):
Event: 4.128 loading class javax/swing/JTable$Resizable2 done
Event: 4.128 loading class javax/swing/JTable$Resizable3 done
Event: 4.128 loading class javax/swing/JTable$2 done
Event: 4.128 loading class javax/swing/JTable$4
Event: 4.128 loading class javax/swing/JTable$4 done
Event: 4.814 Thread 0x000001806e862e80 Thread exited: 0x000001806e862e80
Event: 4.814 loading class java/awt/Container$MouseEventTargetFilter
Event: 4.814 loading class java/awt/Container$EventTargetFilter
Event: 4.814 loading class java/awt/Container$EventTargetFilter done
Event: 4.814 loading class java/awt/Container$MouseEventTargetFilter done
Event: 4.814 loading class java/awt/LightweightDispatcher$1
Event: 4.814 loading class java/awt/LightweightDispatcher$1 done
Event: 4.814 loading class java/awt/event/AWTEventListenerProxy
Event: 4.814 loading class java/awt/event/AWTEventListenerProxy done
Event: 4.814 loading class java/awt/Toolkit$SelectiveAWTEventListener
Event: 4.814 loading class java/awt/Toolkit$SelectiveAWTEventListener done
Event: 4.815 loading class java/awt/Toolkit$ToolkitEventMulticaster
Event: 4.815 loading class java/awt/Toolkit$ToolkitEventMulticaster done
Event: 4.834 loading class java/awt/LightweightDispatcher$2
Event: 4.834 loading class java/awt/LightweightDispatcher$2 done


Dynamic libraries:
0x00007ff7d3c60000 - 0x00007ff7d3c6e000 	C:\Users\MidNidgetBigga\.p2\pool\plugins\org.eclipse.justj.openjdk.hotspot.jre.full.win32.x86_64_17.0.1.v20211116-1657\jre\bin\javaw.exe
0x00007fff5ebf0000 - 0x00007fff5ede5000 	C:\Windows\SYSTEM32\ntdll.dll
0x00007fff5e820000 - 0x00007fff5e8de000 	C:\Windows\System32\KERNEL32.DLL
0x00007fff5c590000 - 0x00007fff5c858000 	C:\Windows\System32\KERNELBASE.dll
0x00007fff5caa0000 - 0x00007fff5cba0000 	C:\Windows\System32\ucrtbase.dll
0x00007fff512d0000 - 0x00007fff512e8000 	C:\Users\MidNidgetBigga\.p2\pool\plugins\org.eclipse.justj.openjdk.hotspot.jre.full.win32.x86_64_17.0.1.v20211116-1657\jre\bin\jli.dll
0x00007fff56a60000 - 0x00007fff56a79000 	C:\Users\MidNidgetBigga\.p2\pool\plugins\org.eclipse.justj.openjdk.hotspot.jre.full.win32.x86_64_17.0.1.v20211116-1657\jre\bin\VCRUNTIME140.dll
0x00007fff5d770000 - 0x00007fff5d910000 	C:\Windows\System32\USER32.dll
0x00007fff4efa0000 - 0x00007fff4f23a000 	C:\Windows\WinSxS\amd64_microsoft.windows.common-controls_6595b64144ccf1df_6.0.19041.1110_none_60b5254171f9507e\COMCTL32.dll
0x00007fff5c560000 - 0x00007fff5c582000 	C:\Windows\System32\win32u.dll
0x00007fff5eb10000 - 0x00007fff5ebae000 	C:\Windows\System32\msvcrt.dll
0x00007fff5d910000 - 0x00007fff5d93b000 	C:\Windows\System32\GDI32.dll
0x00007fff5c8f0000 - 0x00007fff5c9fb000 	C:\Windows\System32\gdi32full.dll
0x00007fff5ca00000 - 0x00007fff5ca9d000 	C:\Windows\System32\msvcp_win.dll
0x00007fff5e8e0000 - 0x00007fff5e910000 	C:\Windows\System32\IMM32.DLL
0x00007fff512c0000 - 0x00007fff512cc000 	C:\Users\MidNidgetBigga\.p2\pool\plugins\org.eclipse.justj.openjdk.hotspot.jre.full.win32.x86_64_17.0.1.v20211116-1657\jre\bin\vcruntime140_1.dll
0x00007fff51220000 - 0x00007fff512b1000 	C:\Users\MidNidgetBigga\.p2\pool\plugins\org.eclipse.justj.openjdk.hotspot.jre.full.win32.x86_64_17.0.1.v20211116-1657\jre\bin\msvcp140.dll
0x00007ffeff7e0000 - 0x00007fff00426000 	C:\Users\MidNidgetBigga\.p2\pool\plugins\org.eclipse.justj.openjdk.hotspot.jre.full.win32.x86_64_17.0.1.v20211116-1657\jre\bin\server\jvm.dll
0x00007fff5d940000 - 0x00007fff5d9ee000 	C:\Windows\System32\ADVAPI32.dll
0x00007fff5cea0000 - 0x00007fff5cf3c000 	C:\Windows\System32\sechost.dll
0x00007fff5e9e0000 - 0x00007fff5eb05000 	C:\Windows\System32\RPCRT4.dll
0x00007fff5da10000 - 0x00007fff5da18000 	C:\Windows\System32\PSAPI.DLL
0x00007fff56d60000 - 0x00007fff56d69000 	C:\Windows\SYSTEM32\WSOCK32.dll
0x00007fff5e910000 - 0x00007fff5e97b000 	C:\Windows\System32\WS2_32.dll
0x00007fff534b0000 - 0x00007fff534ba000 	C:\Windows\SYSTEM32\VERSION.dll
0x00007fff4e720000 - 0x00007fff4e747000 	C:\Windows\SYSTEM32\WINMM.dll
0x00007fff5a240000 - 0x00007fff5a252000 	C:\Windows\SYSTEM32\kernel.appcore.dll
0x00007fff56980000 - 0x00007fff5698a000 	C:\Users\MidNidgetBigga\.p2\pool\plugins\org.eclipse.justj.openjdk.hotspot.jre.full.win32.x86_64_17.0.1.v20211116-1657\jre\bin\jimage.dll
0x00007fff526b0000 - 0x00007fff52894000 	C:\Windows\SYSTEM32\DBGHELP.DLL
0x00007fff4d510000 - 0x00007fff4d53c000 	C:\Windows\SYSTEM32\dbgcore.DLL
0x00007fff5c860000 - 0x00007fff5c8e2000 	C:\Windows\System32\bcryptPrimitives.dll
0x00007fff513a0000 - 0x00007fff513c5000 	C:\Users\MidNidgetBigga\.p2\pool\plugins\org.eclipse.justj.openjdk.hotspot.jre.full.win32.x86_64_17.0.1.v20211116-1657\jre\bin\java.dll
0x00007fff552f0000 - 0x00007fff55308000 	C:\Users\MidNidgetBigga\.p2\pool\plugins\org.eclipse.justj.openjdk.hotspot.jre.full.win32.x86_64_17.0.1.v20211116-1657\jre\bin\zip.dll
0x00007fff5dd70000 - 0x00007fff5e4b4000 	C:\Windows\System32\SHELL32.dll
0x00007fff5a440000 - 0x00007fff5abd4000 	C:\Windows\SYSTEM32\windows.storage.dll
0x00007fff5e4c0000 - 0x00007fff5e814000 	C:\Windows\System32\combase.dll
0x00007fff5bca0000 - 0x00007fff5bccc000 	C:\Windows\SYSTEM32\Wldp.dll
0x00007fff5d6c0000 - 0x00007fff5d76d000 	C:\Windows\System32\SHCORE.dll
0x00007fff5dd10000 - 0x00007fff5dd65000 	C:\Windows\System32\shlwapi.dll
0x00007fff5c250000 - 0x00007fff5c26f000 	C:\Windows\SYSTEM32\profapi.dll
0x00007fff51380000 - 0x00007fff51399000 	C:\Users\MidNidgetBigga\.p2\pool\plugins\org.eclipse.justj.openjdk.hotspot.jre.full.win32.x86_64_17.0.1.v20211116-1657\jre\bin\net.dll
0x00007fff538f0000 - 0x00007fff539f9000 	C:\Windows\SYSTEM32\WINHTTP.dll
0x00007fff5ba00000 - 0x00007fff5ba6a000 	C:\Windows\system32\mswsock.dll
0x00007fff51360000 - 0x00007fff51375000 	C:\Users\MidNidgetBigga\.p2\pool\plugins\org.eclipse.justj.openjdk.hotspot.jre.full.win32.x86_64_17.0.1.v20211116-1657\jre\bin\nio.dll
0x00007fff46c70000 - 0x00007fff46dfe000 	C:\Users\MidNidgetBigga\.p2\pool\plugins\org.eclipse.justj.openjdk.hotspot.jre.full.win32.x86_64_17.0.1.v20211116-1657\jre\bin\awt.dll
0x00007fff5d5f0000 - 0x00007fff5d6bd000 	C:\Windows\System32\OLEAUT32.dll
0x00007fff59b80000 - 0x00007fff59c10000 	C:\Windows\SYSTEM32\apphelp.dll
0x00007fff59e70000 - 0x00007fff59e9f000 	C:\Windows\system32\DWMAPI.DLL
0x00007fff59d10000 - 0x00007fff59dae000 	C:\Windows\system32\uxtheme.dll
0x00007fff441b0000 - 0x00007fff442d6000 	C:\Windows\system32\opengl32.dll
0x00007fff511f0000 - 0x00007fff5121c000 	C:\Windows\SYSTEM32\GLU32.dll
0x00007fff5dab0000 - 0x00007fff5dbc6000 	C:\Windows\System32\MSCTF.dll
0x00007fff5dbe0000 - 0x00007fff5dd0a000 	C:\Windows\System32\ole32.dll
0x00007fff240b0000 - 0x00007fff2427f000 	C:\Windows\system32\d3d9.dll
0x00007fff3bcf0000 - 0x00007fff3bea8000 	C:\Windows\System32\DriverStore\FileRepository\u0376209.inf_amd64_b3bdffadea4def3f\B374968\aticfx64.dll
0x00007fff42da0000 - 0x00007fff42dd4000 	C:\Windows\System32\DriverStore\FileRepository\u0376209.inf_amd64_b3bdffadea4def3f\B374968\atiu9p64.dll
0x00007fff23350000 - 0x00007fff240a4000 	C:\Windows\System32\DriverStore\FileRepository\u0376209.inf_amd64_b3bdffadea4def3f\B374968\atiumd64.dll
0x0000000056ea0000 - 0x0000000057d15000 	C:\Windows\System32\DriverStore\FileRepository\u0376209.inf_amd64_b3bdffadea4def3f\B374968\atiumd6a.dll
0x00007fff5d180000 - 0x00007fff5d5f0000 	C:\Windows\System32\SETUPAPI.dll
0x00007fff5c510000 - 0x00007fff5c55e000 	C:\Windows\System32\cfgmgr32.dll
0x00007fff5c180000 - 0x00007fff5c1cb000 	C:\Windows\SYSTEM32\POWRPROF.dll
0x00007fff5c380000 - 0x00007fff5c3a7000 	C:\Windows\System32\bcrypt.dll
0x00007fff5c160000 - 0x00007fff5c172000 	C:\Windows\SYSTEM32\UMPDC.dll
0x00007fff3bc80000 - 0x00007fff3bcb0000 	C:\Windows\SYSTEM32\amdihk64.dll
0x00007fff54290000 - 0x00007fff542cb000 	C:\Windows\SYSTEM32\dxcore.dll
0x00007fff51160000 - 0x00007fff511e9000 	C:\Users\MidNidgetBigga\.p2\pool\plugins\org.eclipse.justj.openjdk.hotspot.jre.full.win32.x86_64_17.0.1.v20211116-1657\jre\bin\freetype.dll
0x00007fff47d40000 - 0x00007fff47de8000 	C:\Users\MidNidgetBigga\.p2\pool\plugins\org.eclipse.justj.openjdk.hotspot.jre.full.win32.x86_64_17.0.1.v20211116-1657\jre\bin\fontmanager.dll
0x00007fff48370000 - 0x00007fff48469000 	C:\Windows\SYSTEM32\textinputframework.dll
0x00007fff59940000 - 0x00007fff59a32000 	C:\Windows\System32\CoreMessaging.dll
0x00007fff59180000 - 0x00007fff594de000 	C:\Windows\System32\CoreUIComponents.dll
0x00007fff5b010000 - 0x00007fff5b043000 	C:\Windows\SYSTEM32\ntmarta.dll
0x00007fff581a0000 - 0x00007fff582f4000 	C:\Windows\SYSTEM32\wintypes.dll
0x00007fff5cd10000 - 0x00007fff5cdb9000 	C:\Windows\System32\clbcatq.dll
0x00007fff57240000 - 0x00007fff573f4000 	C:\Windows\SYSTEM32\WindowsCodecs.dll
0x00007fff3fe40000 - 0x00007fff3fe7e000 	C:\Windows\system32\dataexchange.dll
0x00007fff58f90000 - 0x00007fff59175000 	C:\Windows\system32\dcomp.dll
0x00007fff58760000 - 0x00007fff589c4000 	C:\Windows\system32\d3d11.dll
0x00007fff5ac20000 - 0x00007fff5ad13000 	C:\Windows\system32\dxgi.dll
0x00007fff57440000 - 0x00007fff57641000 	C:\Windows\system32\twinapi.appcore.dll
0x00007fff5b730000 - 0x00007fff5b7fa000 	C:\Windows\SYSTEM32\DNSAPI.dll
0x00007fff5b6f0000 - 0x00007fff5b72b000 	C:\Windows\SYSTEM32\IPHLPAPI.DLL
0x00007fff5dbd0000 - 0x00007fff5dbd8000 	C:\Windows\System32\NSI.dll
0x00007fff538a0000 - 0x00007fff538aa000 	C:\Windows\System32\rasadhlp.dll
0x00007fff536a0000 - 0x00007fff5371f000 	C:\Windows\System32\fwpuclnt.dll
0x00007fff41820000 - 0x00007fff418cc000 	C:\Windows\SYSTEM32\TextShaping.dll

dbghelp: loaded successfully - version: 4.0.5 - missing functions: none
symbol engine: initialized successfully - sym options: 0x614 - pdb path: .;C:\Users\MidNidgetBigga\.p2\pool\plugins\org.eclipse.justj.openjdk.hotspot.jre.full.win32.x86_64_17.0.1.v20211116-1657\jre\bin;C:\Windows\SYSTEM32;C:\Windows\WinSxS\amd64_microsoft.windows.common-controls_6595b64144ccf1df_6.0.19041.1110_none_60b5254171f9507e;C:\Users\MidNidgetBigga\.p2\pool\plugins\org.eclipse.justj.openjdk.hotspot.jre.full.win32.x86_64_17.0.1.v20211116-1657\jre\bin\server;C:\Windows\System32\DriverStore\FileRepository\u0376209.inf_amd64_b3bdffadea4def3f\B374968

VM Arguments:
jvm_args: -Dfile.encoding=Cp1252 -XX:+ShowCodeDetailsInExceptionMessages 
java_command: Main
java_class_path (initial): C:\Users\MidNidgetBigga\eclipse-workspace\Proiect_Licenta\build\classes;C:\Program Files\Apache Software Foundation\Tomcat 10.0\lib\annotations-api.jar;C:\Program Files\Apache Software Foundation\Tomcat 10.0\lib\catalina-ant.jar;C:\Program Files\Apache Software Foundation\Tomcat 10.0\lib\catalina-ha.jar;C:\Program Files\Apache Software Foundation\Tomcat 10.0\lib\catalina-ssi.jar;C:\Program Files\Apache Software Foundation\Tomcat 10.0\lib\catalina-storeconfig.jar;C:\Program Files\Apache Software Foundation\Tomcat 10.0\lib\catalina-tribes.jar;C:\Program Files\Apache Software Foundation\Tomcat 10.0\lib\catalina.jar;C:\Program Files\Apache Software Foundation\Tomcat 10.0\lib\ecj-4.20.jar;C:\Program Files\Apache Software Foundation\Tomcat 10.0\lib\el-api.jar;C:\Program Files\Apache Software Foundation\Tomcat 10.0\lib\jakartaee-migration-1.0.0-shaded.jar;C:\Program Files\Apache Software Foundation\Tomcat 10.0\lib\jasper-el.jar;C:\Program Files\Apache Software Foundation\Tomcat 10.0\lib\jasper.jar;C:\Program Files\Apache Software Foundation\Tomcat 10.0\lib\jaspic-api.jar;C:\Program Files\Apache Software Foundation\Tomcat 10.0\lib\json-20211205.jar;C:\Program Files\Apache Software Foundation\Tomcat 10.0\lib\jsp-api.jar;C:\Program Files\Apache Software Foundation\Tomcat 10.0\lib\mysql-connector-java-8.0.27.jar;C:\Program Files\Apache Software Foundation\Tomcat 10.0\lib\servlet-api.jar;C:\Program Files\Apache Software Foundation\Tomcat 10.0\lib\tomcat-api.jar;C:\Program Files\Apache Software Foundation\Tomcat 10.0\lib\tomcat-coyote.jar;C:\Program Files\Apache Software Foundation\Tomcat 10.0\lib\tomcat-dbcp.jar;C:\Program Files\Apache Software Foundation\Tomcat 10.0\lib\tomcat-i18n-cs.jar;C:\Program Files\Apache Software Foundation\Tomcat 10.0\lib\tomcat-i18n-de.jar;C:\Program Files\Apache Software Foundation\Tomcat 10.0\lib\tomcat-i18n-es.jar;C:\Program Files\Apache Software Foundation\Tomcat 10.0\lib\tomcat-i18n-fr.jar;C:\Program Files\Apache Sof
Launcher Type: SUN_STANDARD

[Global flags]
     intx CICompilerCount                          = 4                                         {product} {ergonomic}
     uint ConcGCThreads                            = 2                                         {product} {ergonomic}
     uint G1ConcRefinementThreads                  = 8                                         {product} {ergonomic}
   size_t G1HeapRegionSize                         = 2097152                                   {product} {ergonomic}
    uintx GCDrainStackTargetSize                   = 64                                        {product} {ergonomic}
   size_t InitialHeapSize                          = 232783872                                 {product} {ergonomic}
   size_t MarkStackSize                            = 4194304                                   {product} {ergonomic}
   size_t MaxHeapSize                              = 3695181824                                {product} {ergonomic}
   size_t MaxNewSize                               = 2216689664                                {product} {ergonomic}
   size_t MinHeapDeltaBytes                        = 2097152                                   {product} {ergonomic}
   size_t MinHeapSize                              = 8388608                                   {product} {ergonomic}
    uintx NonNMethodCodeHeapSize                   = 5839372                                {pd product} {ergonomic}
    uintx NonProfiledCodeHeapSize                  = 122909434                              {pd product} {ergonomic}
    uintx ProfiledCodeHeapSize                     = 122909434                              {pd product} {ergonomic}
    uintx ReservedCodeCacheSize                    = 251658240                              {pd product} {ergonomic}
     bool SegmentedCodeCache                       = true                                      {product} {ergonomic}
     bool ShowCodeDetailsInExceptionMessages       = true                                   {manageable} {command line}
   size_t SoftMaxHeapSize                          = 3695181824                             {manageable} {ergonomic}
     bool UseCompressedClassPointers               = true                           {product lp64_product} {ergonomic}
     bool UseCompressedOops                        = true                           {product lp64_product} {ergonomic}
     bool UseG1GC                                  = true                                      {product} {ergonomic}
     bool UseLargePagesIndividualAllocation        = false                                  {pd product} {ergonomic}

Logging:
Log output configuration:
 #0: stdout all=warning uptime,level,tags
 #1: stderr all=off uptime,level,tags

Environment Variables:
PATH=C:/Users/MidNidgetBigga/.p2/pool/plugins/org.eclipse.justj.openjdk.hotspot.jre.full.win32.x86_64_17.0.1.v20211116-1657/jre/bin/server;C:/Users/MidNidgetBigga/.p2/pool/plugins/org.eclipse.justj.openjdk.hotspot.jre.full.win32.x86_64_17.0.1.v20211116-1657/jre/bin;C:\Windows\system32;C:\Windows;C:\Windows\System32\Wbem;C:\Windows\System32\WindowsPowerShell\v1.0\;C:\Windows\System32\OpenSSH\;C:\ProgramData\chocolatey\bin;C:\Program Files\dotnet\;C:\Users\MidNidgetBigga\AppData\Local\Microsoft\WindowsApps;;C:\Users\MidNidgetBigga\AppData\Local\Programs\Microsoft VS Code\bin;C:\Windows\system32;
USERNAME=MidNidgetBigga
OS=Windows_NT
PROCESSOR_IDENTIFIER=AMD64 Family 23 Model 49 Stepping 0, AuthenticAMD



---------------  S Y S T E M  ---------------

OS:
 Windows 10 , 64 bit Build 19041 (10.0.19041.1566)
OS uptime: 0 days 5:40 hours
KVM virtualization detected

CPU: total 8 (initial active 8) (8 cores per cpu, 2 threads per core) family 23 model 49 stepping 0 microcode 0x0, cx8, cmov, fxsr, ht, mmx, 3dnowpref, sse, sse2, sse3, ssse3, sse4a, sse4.1, sse4.2, popcnt, lzcnt, tsc, avx, avx2, aes, clmul, bmi1, bmi2, adx, sha, fma, vzeroupper, clflush, clflushopt, hv

Memory: 4k page, system-wide physical 14088M (4921M free)
TotalPageFile size 39610M (AvailPageFile size 0M)
current process WorkingSet (physical memory assigned to process): 45M, peak: 118M
current process commit charge ("private bytes"): 368M, peak: 373M

vm_info: OpenJDK 64-Bit Server VM (17.0.1+12) for windows-amd64 JRE (17.0.1+12), built on Oct 20 2021 07:42:55 by "" with MS VC++ 16.7 (VS2019)

END.
