#
# There is insufficient memory for the Java Runtime Environment to continue.
# Native memory allocation (mmap) failed to map 65536 bytes for Failed to commit metaspace.
# Possible reasons:
#   The system is out of physical RAM or swap space
#   The process is running with CompressedOops enabled, and the Java Heap may be blocking the growth of the native heap
# Possible solutions:
#   Reduce memory load on the system
#   Increase physical memory or swap space
#   Check if swap backing store is full
#   Decrease Java heap size (-Xmx/-Xms)
#   Decrease number of Java threads
#   Decrease Java thread stack sizes (-Xss)
#   Set larger code cache with -XX:ReservedCodeCacheSize=
#   JVM is running with Zero Based Compressed Oops mode in which the Java heap is
#     placed in the first 32GB address space. The Java Heap base address is the
#     maximum limit for the native heap growth. Please use -XX:HeapBaseMinAddress
#     to set the Java Heap base and to place the Java Heap above 32GB virtual address.
# This output file may be truncated or incomplete.
#
#  Out of Memory Error (virtualSpaceNode.cpp:110), pid=2444, tid=26292
#
# JRE version: OpenJDK Runtime Environment Temurin-17.0.1+12 (17.0.1+12) (build 17.0.1+12)
# Java VM: OpenJDK 64-Bit Server VM Temurin-17.0.1+12 (17.0.1+12, mixed mode, tiered, compressed oops, compressed class ptrs, g1 gc, windows-amd64)
# No core dump will be written. Minidumps are not enabled by default on client versions of Windows
#

---------------  S U M M A R Y ------------

Command Line: -Dfile.encoding=Cp1252 -XX:+ShowCodeDetailsInExceptionMessages Main

Host: AMD EPYC-Rome Processor, 8 cores, 13G,  Windows 10 , 64 bit Build 19041 (10.0.19041.1566)
Time: Sun Apr  3 03:21:11 2022 GMT Summer Time elapsed time: 1.072144 seconds (0d 0h 0m 1s)

---------------  T H R E A D  ---------------

Current thread (0x00000226981926b0):  JavaThread "AWT-EventQueue-0" [_thread_in_vm, id=26292, stack(0x0000007b2b000000,0x0000007b2b100000)]

Stack: [0x0000007b2b000000,0x0000007b2b100000]
Native frames: (J=compiled Java code, j=interpreted, Vv=VM code, C=native code)
V  [jvm.dll+0x6744da]
V  [jvm.dll+0x82e144]
V  [jvm.dll+0x82f8ee]
V  [jvm.dll+0x82ff53]
V  [jvm.dll+0x245175]
V  [jvm.dll+0x82a0eb]
V  [jvm.dll+0x619566]
V  [jvm.dll+0x6195ca]
V  [jvm.dll+0x61bdea]
V  [jvm.dll+0x619f06]
V  [jvm.dll+0x242bcc]
V  [jvm.dll+0x6ca87d]
V  [jvm.dll+0x6cb2af]
V  [jvm.dll+0x36f6c3]
V  [jvm.dll+0x36e882]
V  [jvm.dll+0x36e828]
V  [jvm.dll+0x55c4e5]
V  [jvm.dll+0x55b60d]
V  [jvm.dll+0x382617]
V  [jvm.dll+0x381c6f]
C  0x000002268001a622

Java frames: (J=compiled Java code, j=interpreted, Vv=VM code)
j  sun.nio.ch.IOUtil.read(Ljava/io/FileDescriptor;Ljava/nio/ByteBuffer;JZZILsun/nio/ch/NativeDispatcher;)I+71 java.base@17.0.1
j  sun.nio.ch.IOUtil.read(Ljava/io/FileDescriptor;Ljava/nio/ByteBuffer;JZILsun/nio/ch/NativeDispatcher;)I+10 java.base@17.0.1
j  sun.nio.ch.FileChannelImpl.read(Ljava/nio/ByteBuffer;)I+140 java.base@17.0.1
j  sun.font.TrueTypeFont.readBlock(II)Ljava/nio/ByteBuffer;+79 java.desktop@17.0.1
j  sun.font.TrueTypeFont.init(I)V+6 java.desktop@17.0.1
j  sun.font.TrueTypeFont.<init>(Ljava/lang/String;Ljava/lang/Object;IZZ)V+56 java.desktop@17.0.1
j  sun.font.TrueTypeFont.<init>(Ljava/lang/String;Ljava/lang/Object;IZ)V+7 java.desktop@17.0.1
j  sun.font.SunFontManager.registerFontFile(Ljava/lang/String;[Ljava/lang/String;IZI)Lsun/font/PhysicalFont;+76 java.desktop@17.0.1
j  sun.font.SunFontManager.initialiseDeferredFont(Ljava/lang/String;)Lsun/font/PhysicalFont;+69 java.desktop@17.0.1
j  sun.font.CompositeFont.doDeferredInitialisation(I)V+73 java.desktop@17.0.1
j  sun.font.CompositeFont.getSlotFont(I)Lsun/font/PhysicalFont;+11 java.desktop@17.0.1
j  sun.font.CompositeStrike.getStrikeForSlot(I)Lsun/font/PhysicalStrike;+27 java.desktop@17.0.1
j  sun.font.CompositeStrike.getFontMetrics()Lsun/font/StrikeMetrics;+31 java.desktop@17.0.1
j  sun.font.FontDesignMetrics.initMatrixAndMetrics()V+28 java.desktop@17.0.1
j  sun.font.FontDesignMetrics.<init>(Ljava/awt/Font;Ljava/awt/font/FontRenderContext;)V+62 java.desktop@17.0.1
j  sun.font.FontDesignMetrics.getMetrics(Ljava/awt/Font;Ljava/awt/font/FontRenderContext;)Lsun/font/FontDesignMetrics;+128 java.desktop@17.0.1
j  sun.swing.SwingUtilities2.getFontMetrics(Ljavax/swing/JComponent;Ljava/awt/Font;)Ljava/awt/FontMetrics;+15 java.desktop@17.0.1
j  javax.swing.JComponent.getFontMetrics(Ljava/awt/Font;)Ljava/awt/FontMetrics;+2 java.desktop@17.0.1
j  sun.swing.SwingUtilities2.getFontMetrics(Ljavax/swing/JComponent;Ljava/awt/Graphics;Ljava/awt/Font;)Ljava/awt/FontMetrics;+6 java.desktop@17.0.1
j  sun.swing.SwingUtilities2.getFontMetrics(Ljavax/swing/JComponent;Ljava/awt/Graphics;)Ljava/awt/FontMetrics;+6 java.desktop@17.0.1
j  javax.swing.plaf.basic.BasicButtonUI.paint(Ljava/awt/Graphics;Ljavax/swing/JComponent;)V+15 java.desktop@17.0.1
j  javax.swing.plaf.metal.MetalButtonUI.update(Ljava/awt/Graphics;Ljavax/swing/JComponent;)V+86 java.desktop@17.0.1
j  javax.swing.JComponent.paintComponent(Ljava/awt/Graphics;)V+26 java.desktop@17.0.1
j  javax.swing.JComponent.paint(Ljava/awt/Graphics;)V+286 java.desktop@17.0.1
j  javax.swing.JComponent.paintChildren(Ljava/awt/Graphics;)V+523 java.desktop@17.0.1
j  javax.swing.JComponent.paint(Ljava/awt/Graphics;)V+318 java.desktop@17.0.1
j  javax.swing.JComponent.paintToOffscreen(Ljava/awt/Graphics;IIIIII)V+41 java.desktop@17.0.1
j  javax.swing.RepaintManager$PaintManager.paintDoubleBufferedImpl(Ljavax/swing/JComponent;Ljava/awt/Image;Ljava/awt/Graphics;IIII)V+163 java.desktop@17.0.1
j  javax.swing.RepaintManager$PaintManager.paintDoubleBuffered(Ljavax/swing/JComponent;Ljava/awt/Image;Ljava/awt/Graphics;IIII)V+46 java.desktop@17.0.1
j  javax.swing.RepaintManager$PaintManager.paint(Ljavax/swing/JComponent;Ljavax/swing/JComponent;Ljava/awt/Graphics;IIII)Z+128 java.desktop@17.0.1
j  javax.swing.RepaintManager.paint(Ljavax/swing/JComponent;Ljavax/swing/JComponent;Ljava/awt/Graphics;IIII)V+52 java.desktop@17.0.1
j  javax.swing.JComponent._paintImmediately(IIII)V+683 java.desktop@17.0.1
j  javax.swing.JComponent.paintImmediately(IIII)V+138 java.desktop@17.0.1
j  javax.swing.RepaintManager$4.run()Ljava/lang/Void;+81 java.desktop@17.0.1
j  javax.swing.RepaintManager$4.run()Ljava/lang/Object;+1 java.desktop@17.0.1
J 621 c1 java.security.AccessController.executePrivileged(Ljava/security/PrivilegedAction;Ljava/security/AccessControlContext;Ljava/lang/Class;)Ljava/lang/Object; java.base@17.0.1 (65 bytes) @ 0x00000226806719bc [0x0000022680671860+0x000000000000015c]
j  java.security.AccessController.doPrivileged(Ljava/security/PrivilegedAction;Ljava/security/AccessControlContext;)Ljava/lang/Object;+13 java.base@17.0.1
j  java.security.ProtectionDomain$JavaSecurityAccessImpl.doIntersectionPrivilege(Ljava/security/PrivilegedAction;Ljava/security/AccessControlContext;Ljava/security/AccessControlContext;)Ljava/lang/Object;+18 java.base@17.0.1
j  javax.swing.RepaintManager.paintDirtyRegions(Ljava/util/Map;)V+154 java.desktop@17.0.1
j  javax.swing.RepaintManager.paintDirtyRegions()V+46 java.desktop@17.0.1
j  javax.swing.RepaintManager.prePaintDirtyRegions()V+73 java.desktop@17.0.1
j  javax.swing.RepaintManager$ProcessingRunnable.run()V+37 java.desktop@17.0.1
j  java.awt.event.InvocationEvent.dispatch()V+47 java.desktop@17.0.1
j  java.awt.EventQueue.dispatchEventImpl(Ljava/awt/AWTEvent;Ljava/lang/Object;)V+21 java.desktop@17.0.1
j  java.awt.EventQueue$4.run()Ljava/lang/Void;+32 java.desktop@17.0.1
j  java.awt.EventQueue$4.run()Ljava/lang/Object;+1 java.desktop@17.0.1
J 621 c1 java.security.AccessController.executePrivileged(Ljava/security/PrivilegedAction;Ljava/security/AccessControlContext;Ljava/lang/Class;)Ljava/lang/Object; java.base@17.0.1 (65 bytes) @ 0x00000226806719bc [0x0000022680671860+0x000000000000015c]
j  java.security.AccessController.doPrivileged(Ljava/security/PrivilegedAction;Ljava/security/AccessControlContext;)Ljava/lang/Object;+13 java.base@17.0.1
j  java.security.ProtectionDomain$JavaSecurityAccessImpl.doIntersectionPrivilege(Ljava/security/PrivilegedAction;Ljava/security/AccessControlContext;Ljava/security/AccessControlContext;)Ljava/lang/Object;+18 java.base@17.0.1
j  java.awt.EventQueue.dispatchEvent(Ljava/awt/AWTEvent;)V+46 java.desktop@17.0.1
j  java.awt.EventDispatchThread.pumpOneEventForFilters(I)V+78 java.desktop@17.0.1
j  java.awt.EventDispatchThread.pumpEventsForFilter(ILjava/awt/Conditional;Ljava/awt/EventFilter;)V+35 java.desktop@17.0.1
j  java.awt.EventDispatchThread.pumpEventsForHierarchy(ILjava/awt/Conditional;Ljava/awt/Component;)V+11 java.desktop@17.0.1
j  java.awt.EventDispatchThread.pumpEvents(ILjava/awt/Conditional;)V+4 java.desktop@17.0.1
j  java.awt.EventDispatchThread.pumpEvents(Ljava/awt/Conditional;)V+3 java.desktop@17.0.1
j  java.awt.EventDispatchThread.run()V+9 java.desktop@17.0.1
v  ~StubRoutines::call_stub

---------------  P R O C E S S  ---------------

Threads class SMR info:
_java_thread_list=0x0000022698242810, length=16, elements={
0x00000226feece920, 0x00000226feeb5170, 0x00000226ff816280, 0x00000226ff816b40,
0x00000226ff837590, 0x00000226ff837e50, 0x00000226ff83bf40, 0x00000226ff84e950,
0x00000226ff84f250, 0x00000226ff9b40d0, 0x00000226ff9b5650, 0x00000226ffbfe530,
0x0000022698015d90, 0x0000022698011200, 0x00000226981926b0, 0x00000226f958d220
}

Java Threads: ( => current thread )
  0x00000226feece920 JavaThread "Reference Handler" daemon [_thread_blocked, id=17640, stack(0x0000007b29f00000,0x0000007b2a000000)]
  0x00000226feeb5170 JavaThread "Finalizer" daemon [_thread_blocked, id=30748, stack(0x0000007b2a000000,0x0000007b2a100000)]
  0x00000226ff816280 JavaThread "Signal Dispatcher" daemon [_thread_blocked, id=28064, stack(0x0000007b2a100000,0x0000007b2a200000)]
  0x00000226ff816b40 JavaThread "Attach Listener" daemon [_thread_blocked, id=25760, stack(0x0000007b2a200000,0x0000007b2a300000)]
  0x00000226ff837590 JavaThread "Service Thread" daemon [_thread_blocked, id=3568, stack(0x0000007b2a300000,0x0000007b2a400000)]
  0x00000226ff837e50 JavaThread "Monitor Deflation Thread" daemon [_thread_blocked, id=11928, stack(0x0000007b2a400000,0x0000007b2a500000)]
  0x00000226ff83bf40 JavaThread "C2 CompilerThread0" daemon [_thread_blocked, id=25864, stack(0x0000007b2a500000,0x0000007b2a600000)]
  0x00000226ff84e950 JavaThread "C1 CompilerThread0" daemon [_thread_blocked, id=10104, stack(0x0000007b2a600000,0x0000007b2a700000)]
  0x00000226ff84f250 JavaThread "Sweeper thread" daemon [_thread_blocked, id=30768, stack(0x0000007b2a700000,0x0000007b2a800000)]
  0x00000226ff9b40d0 JavaThread "Notification Thread" daemon [_thread_blocked, id=27212, stack(0x0000007b2a800000,0x0000007b2a900000)]
  0x00000226ff9b5650 JavaThread "Common-Cleaner" daemon [_thread_blocked, id=21924, stack(0x0000007b2aa00000,0x0000007b2ab00000)]
  0x00000226ffbfe530 JavaThread "Java2D Disposer" daemon [_thread_blocked, id=4428, stack(0x0000007b2ab00000,0x0000007b2ac00000)]
  0x0000022698015d90 JavaThread "AWT-Shutdown" [_thread_blocked, id=31352, stack(0x0000007b2ac00000,0x0000007b2ad00000)]
  0x0000022698011200 JavaThread "AWT-Windows" daemon [_thread_in_native, id=5376, stack(0x0000007b2ad00000,0x0000007b2ae00000)]
=>0x00000226981926b0 JavaThread "AWT-EventQueue-0" [_thread_in_vm, id=26292, stack(0x0000007b2b000000,0x0000007b2b100000)]
  0x00000226f958d220 JavaThread "DestroyJavaVM" [_thread_blocked, id=15824, stack(0x0000007b29800000,0x0000007b29900000)]

Other Threads:
  0x00000226fee95e70 VMThread "VM Thread" [stack: 0x0000007b29e00000,0x0000007b29f00000] [id=4116]
  0x00000226ff9b4db0 WatcherThread [stack: 0x0000007b2a900000,0x0000007b2aa00000] [id=10920]
  0x00000226f95d6bc0 GCTaskThread "GC Thread#0" [stack: 0x0000007b29900000,0x0000007b29a00000] [id=24232]
  0x00000226f95e7f00 ConcurrentGCThread "G1 Main Marker" [stack: 0x0000007b29a00000,0x0000007b29b00000] [id=26496]
  0x00000226f95e8910 ConcurrentGCThread "G1 Conc#0" [stack: 0x0000007b29b00000,0x0000007b29c00000] [id=21848]
  0x00000226fed124b0 ConcurrentGCThread "G1 Refine#0" [stack: 0x0000007b29c00000,0x0000007b29d00000] [id=24308]
  0x00000226f965d890 ConcurrentGCThread "G1 Service" [stack: 0x0000007b29d00000,0x0000007b29e00000] [id=15604]

Threads with active compile tasks:

VM state: not at safepoint (normal execution)

VM Mutex/Monitor currently owned by a thread:  ([mutex/lock_event])
[0x00000226f95875c0] Metaspace_lock - owner thread: 0x00000226981926b0

Heap address: 0x0000000723c00000, size: 3524 MB, Compressed Oops mode: Zero based, Oop shift amount: 3

CDS archive(s) not mapped
Compressed class space mapped at: 0x0000000800000000-0x0000000840000000, reserved size: 1073741824
Narrow klass base: 0x0000000800000000, Narrow klass shift: 0, Narrow klass range: 0x40000000

GC Precious Log:
 CPUs: 8 total, 8 available
 Memory: 14088M
 Large Page Support: Disabled
 NUMA Support: Disabled
 Compressed Oops: Enabled (Zero based)
 Heap Region Size: 2M
 Heap Min Capacity: 8M
 Heap Initial Capacity: 222M
 Heap Max Capacity: 3524M
 Pre-touch: Disabled
 Parallel Workers: 8
 Concurrent Workers: 2
 Concurrent Refinement Workers: 8
 Periodic GC: Disabled

Heap:
 garbage-first heap   total 227328K, used 8192K [0x0000000723c00000, 0x0000000800000000)
  region size 2048K, 4 young (8192K), 0 survivors (0K)
 Metaspace       used 13884K, committed 14016K, reserved 1064960K
  class space    used 1444K, committed 1536K, reserved 1048576K

Heap Regions: E=young(eden), S=young(survivor), O=old, HS=humongous(starts), HC=humongous(continues), CS=collection set, F=free, OA=open archive, CA=closed archive, TAMS=top-at-mark-start (previous, next)
|   0|0x0000000723c00000, 0x0000000723e00000, 0x0000000723e00000|100%|HS|  |TAMS 0x0000000723c00000, 0x0000000723c00000| Complete 
|   1|0x0000000723e00000, 0x0000000723e00000, 0x0000000724000000|  0%| F|  |TAMS 0x0000000723e00000, 0x0000000723e00000| Untracked 
|   2|0x0000000724000000, 0x0000000724000000, 0x0000000724200000|  0%| F|  |TAMS 0x0000000724000000, 0x0000000724000000| Untracked 
|   3|0x0000000724200000, 0x0000000724200000, 0x0000000724400000|  0%| F|  |TAMS 0x0000000724200000, 0x0000000724200000| Untracked 
|   4|0x0000000724400000, 0x0000000724400000, 0x0000000724600000|  0%| F|  |TAMS 0x0000000724400000, 0x0000000724400000| Untracked 
|   5|0x0000000724600000, 0x0000000724600000, 0x0000000724800000|  0%| F|  |TAMS 0x0000000724600000, 0x0000000724600000| Untracked 
|   6|0x0000000724800000, 0x0000000724800000, 0x0000000724a00000|  0%| F|  |TAMS 0x0000000724800000, 0x0000000724800000| Untracked 
|   7|0x0000000724a00000, 0x0000000724a00000, 0x0000000724c00000|  0%| F|  |TAMS 0x0000000724a00000, 0x0000000724a00000| Untracked 
|   8|0x0000000724c00000, 0x0000000724c00000, 0x0000000724e00000|  0%| F|  |TAMS 0x0000000724c00000, 0x0000000724c00000| Untracked 
|   9|0x0000000724e00000, 0x0000000724e00000, 0x0000000725000000|  0%| F|  |TAMS 0x0000000724e00000, 0x0000000724e00000| Untracked 
|  10|0x0000000725000000, 0x0000000725000000, 0x0000000725200000|  0%| F|  |TAMS 0x0000000725000000, 0x0000000725000000| Untracked 
|  11|0x0000000725200000, 0x0000000725200000, 0x0000000725400000|  0%| F|  |TAMS 0x0000000725200000, 0x0000000725200000| Untracked 
|  12|0x0000000725400000, 0x0000000725400000, 0x0000000725600000|  0%| F|  |TAMS 0x0000000725400000, 0x0000000725400000| Untracked 
|  13|0x0000000725600000, 0x0000000725600000, 0x0000000725800000|  0%| F|  |TAMS 0x0000000725600000, 0x0000000725600000| Untracked 
|  14|0x0000000725800000, 0x0000000725800000, 0x0000000725a00000|  0%| F|  |TAMS 0x0000000725800000, 0x0000000725800000| Untracked 
|  15|0x0000000725a00000, 0x0000000725a00000, 0x0000000725c00000|  0%| F|  |TAMS 0x0000000725a00000, 0x0000000725a00000| Untracked 
|  16|0x0000000725c00000, 0x0000000725c00000, 0x0000000725e00000|  0%| F|  |TAMS 0x0000000725c00000, 0x0000000725c00000| Untracked 
|  17|0x0000000725e00000, 0x0000000725e00000, 0x0000000726000000|  0%| F|  |TAMS 0x0000000725e00000, 0x0000000725e00000| Untracked 
|  18|0x0000000726000000, 0x0000000726000000, 0x0000000726200000|  0%| F|  |TAMS 0x0000000726000000, 0x0000000726000000| Untracked 
|  19|0x0000000726200000, 0x0000000726200000, 0x0000000726400000|  0%| F|  |TAMS 0x0000000726200000, 0x0000000726200000| Untracked 
|  20|0x0000000726400000, 0x0000000726400000, 0x0000000726600000|  0%| F|  |TAMS 0x0000000726400000, 0x0000000726400000| Untracked 
|  21|0x0000000726600000, 0x0000000726600000, 0x0000000726800000|  0%| F|  |TAMS 0x0000000726600000, 0x0000000726600000| Untracked 
|  22|0x0000000726800000, 0x0000000726800000, 0x0000000726a00000|  0%| F|  |TAMS 0x0000000726800000, 0x0000000726800000| Untracked 
|  23|0x0000000726a00000, 0x0000000726a00000, 0x0000000726c00000|  0%| F|  |TAMS 0x0000000726a00000, 0x0000000726a00000| Untracked 
|  24|0x0000000726c00000, 0x0000000726c00000, 0x0000000726e00000|  0%| F|  |TAMS 0x0000000726c00000, 0x0000000726c00000| Untracked 
|  25|0x0000000726e00000, 0x0000000726e00000, 0x0000000727000000|  0%| F|  |TAMS 0x0000000726e00000, 0x0000000726e00000| Untracked 
|  26|0x0000000727000000, 0x0000000727000000, 0x0000000727200000|  0%| F|  |TAMS 0x0000000727000000, 0x0000000727000000| Untracked 
|  27|0x0000000727200000, 0x0000000727200000, 0x0000000727400000|  0%| F|  |TAMS 0x0000000727200000, 0x0000000727200000| Untracked 
|  28|0x0000000727400000, 0x0000000727400000, 0x0000000727600000|  0%| F|  |TAMS 0x0000000727400000, 0x0000000727400000| Untracked 
|  29|0x0000000727600000, 0x0000000727600000, 0x0000000727800000|  0%| F|  |TAMS 0x0000000727600000, 0x0000000727600000| Untracked 
|  30|0x0000000727800000, 0x0000000727800000, 0x0000000727a00000|  0%| F|  |TAMS 0x0000000727800000, 0x0000000727800000| Untracked 
|  31|0x0000000727a00000, 0x0000000727a00000, 0x0000000727c00000|  0%| F|  |TAMS 0x0000000727a00000, 0x0000000727a00000| Untracked 
|  32|0x0000000727c00000, 0x0000000727c00000, 0x0000000727e00000|  0%| F|  |TAMS 0x0000000727c00000, 0x0000000727c00000| Untracked 
|  33|0x0000000727e00000, 0x0000000727e00000, 0x0000000728000000|  0%| F|  |TAMS 0x0000000727e00000, 0x0000000727e00000| Untracked 
|  34|0x0000000728000000, 0x0000000728000000, 0x0000000728200000|  0%| F|  |TAMS 0x0000000728000000, 0x0000000728000000| Untracked 
|  35|0x0000000728200000, 0x0000000728200000, 0x0000000728400000|  0%| F|  |TAMS 0x0000000728200000, 0x0000000728200000| Untracked 
|  36|0x0000000728400000, 0x0000000728400000, 0x0000000728600000|  0%| F|  |TAMS 0x0000000728400000, 0x0000000728400000| Untracked 
|  37|0x0000000728600000, 0x0000000728600000, 0x0000000728800000|  0%| F|  |TAMS 0x0000000728600000, 0x0000000728600000| Untracked 
|  38|0x0000000728800000, 0x0000000728800000, 0x0000000728a00000|  0%| F|  |TAMS 0x0000000728800000, 0x0000000728800000| Untracked 
|  39|0x0000000728a00000, 0x0000000728a00000, 0x0000000728c00000|  0%| F|  |TAMS 0x0000000728a00000, 0x0000000728a00000| Untracked 
|  40|0x0000000728c00000, 0x0000000728c00000, 0x0000000728e00000|  0%| F|  |TAMS 0x0000000728c00000, 0x0000000728c00000| Untracked 
|  41|0x0000000728e00000, 0x0000000728e00000, 0x0000000729000000|  0%| F|  |TAMS 0x0000000728e00000, 0x0000000728e00000| Untracked 
|  42|0x0000000729000000, 0x0000000729000000, 0x0000000729200000|  0%| F|  |TAMS 0x0000000729000000, 0x0000000729000000| Untracked 
|  43|0x0000000729200000, 0x0000000729200000, 0x0000000729400000|  0%| F|  |TAMS 0x0000000729200000, 0x0000000729200000| Untracked 
|  44|0x0000000729400000, 0x0000000729400000, 0x0000000729600000|  0%| F|  |TAMS 0x0000000729400000, 0x0000000729400000| Untracked 
|  45|0x0000000729600000, 0x0000000729600000, 0x0000000729800000|  0%| F|  |TAMS 0x0000000729600000, 0x0000000729600000| Untracked 
|  46|0x0000000729800000, 0x0000000729800000, 0x0000000729a00000|  0%| F|  |TAMS 0x0000000729800000, 0x0000000729800000| Untracked 
|  47|0x0000000729a00000, 0x0000000729a00000, 0x0000000729c00000|  0%| F|  |TAMS 0x0000000729a00000, 0x0000000729a00000| Untracked 
|  48|0x0000000729c00000, 0x0000000729c00000, 0x0000000729e00000|  0%| F|  |TAMS 0x0000000729c00000, 0x0000000729c00000| Untracked 
|  49|0x0000000729e00000, 0x0000000729e00000, 0x000000072a000000|  0%| F|  |TAMS 0x0000000729e00000, 0x0000000729e00000| Untracked 
|  50|0x000000072a000000, 0x000000072a000000, 0x000000072a200000|  0%| F|  |TAMS 0x000000072a000000, 0x000000072a000000| Untracked 
|  51|0x000000072a200000, 0x000000072a200000, 0x000000072a400000|  0%| F|  |TAMS 0x000000072a200000, 0x000000072a200000| Untracked 
|  52|0x000000072a400000, 0x000000072a400000, 0x000000072a600000|  0%| F|  |TAMS 0x000000072a400000, 0x000000072a400000| Untracked 
|  53|0x000000072a600000, 0x000000072a600000, 0x000000072a800000|  0%| F|  |TAMS 0x000000072a600000, 0x000000072a600000| Untracked 
|  54|0x000000072a800000, 0x000000072a800000, 0x000000072aa00000|  0%| F|  |TAMS 0x000000072a800000, 0x000000072a800000| Untracked 
|  55|0x000000072aa00000, 0x000000072aa00000, 0x000000072ac00000|  0%| F|  |TAMS 0x000000072aa00000, 0x000000072aa00000| Untracked 
|  56|0x000000072ac00000, 0x000000072ac00000, 0x000000072ae00000|  0%| F|  |TAMS 0x000000072ac00000, 0x000000072ac00000| Untracked 
|  57|0x000000072ae00000, 0x000000072ae00000, 0x000000072b000000|  0%| F|  |TAMS 0x000000072ae00000, 0x000000072ae00000| Untracked 
|  58|0x000000072b000000, 0x000000072b000000, 0x000000072b200000|  0%| F|  |TAMS 0x000000072b000000, 0x000000072b000000| Untracked 
|  59|0x000000072b200000, 0x000000072b200000, 0x000000072b400000|  0%| F|  |TAMS 0x000000072b200000, 0x000000072b200000| Untracked 
|  60|0x000000072b400000, 0x000000072b400000, 0x000000072b600000|  0%| F|  |TAMS 0x000000072b400000, 0x000000072b400000| Untracked 
|  61|0x000000072b600000, 0x000000072b600000, 0x000000072b800000|  0%| F|  |TAMS 0x000000072b600000, 0x000000072b600000| Untracked 
|  62|0x000000072b800000, 0x000000072b800000, 0x000000072ba00000|  0%| F|  |TAMS 0x000000072b800000, 0x000000072b800000| Untracked 
|  63|0x000000072ba00000, 0x000000072ba00000, 0x000000072bc00000|  0%| F|  |TAMS 0x000000072ba00000, 0x000000072ba00000| Untracked 
|  64|0x000000072bc00000, 0x000000072bc00000, 0x000000072be00000|  0%| F|  |TAMS 0x000000072bc00000, 0x000000072bc00000| Untracked 
|  65|0x000000072be00000, 0x000000072be00000, 0x000000072c000000|  0%| F|  |TAMS 0x000000072be00000, 0x000000072be00000| Untracked 
|  66|0x000000072c000000, 0x000000072c000000, 0x000000072c200000|  0%| F|  |TAMS 0x000000072c000000, 0x000000072c000000| Untracked 
|  67|0x000000072c200000, 0x000000072c200000, 0x000000072c400000|  0%| F|  |TAMS 0x000000072c200000, 0x000000072c200000| Untracked 
|  68|0x000000072c400000, 0x000000072c400000, 0x000000072c600000|  0%| F|  |TAMS 0x000000072c400000, 0x000000072c400000| Untracked 
|  69|0x000000072c600000, 0x000000072c600000, 0x000000072c800000|  0%| F|  |TAMS 0x000000072c600000, 0x000000072c600000| Untracked 
|  70|0x000000072c800000, 0x000000072c800000, 0x000000072ca00000|  0%| F|  |TAMS 0x000000072c800000, 0x000000072c800000| Untracked 
|  71|0x000000072ca00000, 0x000000072ca00000, 0x000000072cc00000|  0%| F|  |TAMS 0x000000072ca00000, 0x000000072ca00000| Untracked 
|  72|0x000000072cc00000, 0x000000072cc00000, 0x000000072ce00000|  0%| F|  |TAMS 0x000000072cc00000, 0x000000072cc00000| Untracked 
|  73|0x000000072ce00000, 0x000000072ce00000, 0x000000072d000000|  0%| F|  |TAMS 0x000000072ce00000, 0x000000072ce00000| Untracked 
|  74|0x000000072d000000, 0x000000072d000000, 0x000000072d200000|  0%| F|  |TAMS 0x000000072d000000, 0x000000072d000000| Untracked 
|  75|0x000000072d200000, 0x000000072d200000, 0x000000072d400000|  0%| F|  |TAMS 0x000000072d200000, 0x000000072d200000| Untracked 
|  76|0x000000072d400000, 0x000000072d400000, 0x000000072d600000|  0%| F|  |TAMS 0x000000072d400000, 0x000000072d400000| Untracked 
|  77|0x000000072d600000, 0x000000072d600000, 0x000000072d800000|  0%| F|  |TAMS 0x000000072d600000, 0x000000072d600000| Untracked 
|  78|0x000000072d800000, 0x000000072d800000, 0x000000072da00000|  0%| F|  |TAMS 0x000000072d800000, 0x000000072d800000| Untracked 
|  79|0x000000072da00000, 0x000000072da00000, 0x000000072dc00000|  0%| F|  |TAMS 0x000000072da00000, 0x000000072da00000| Untracked 
|  80|0x000000072dc00000, 0x000000072dc00000, 0x000000072de00000|  0%| F|  |TAMS 0x000000072dc00000, 0x000000072dc00000| Untracked 
|  81|0x000000072de00000, 0x000000072de00000, 0x000000072e000000|  0%| F|  |TAMS 0x000000072de00000, 0x000000072de00000| Untracked 
|  82|0x000000072e000000, 0x000000072e000000, 0x000000072e200000|  0%| F|  |TAMS 0x000000072e000000, 0x000000072e000000| Untracked 
|  83|0x000000072e200000, 0x000000072e200000, 0x000000072e400000|  0%| F|  |TAMS 0x000000072e200000, 0x000000072e200000| Untracked 
|  84|0x000000072e400000, 0x000000072e400000, 0x000000072e600000|  0%| F|  |TAMS 0x000000072e400000, 0x000000072e400000| Untracked 
|  85|0x000000072e600000, 0x000000072e600000, 0x000000072e800000|  0%| F|  |TAMS 0x000000072e600000, 0x000000072e600000| Untracked 
|  86|0x000000072e800000, 0x000000072e800000, 0x000000072ea00000|  0%| F|  |TAMS 0x000000072e800000, 0x000000072e800000| Untracked 
|  87|0x000000072ea00000, 0x000000072ea00000, 0x000000072ec00000|  0%| F|  |TAMS 0x000000072ea00000, 0x000000072ea00000| Untracked 
|  88|0x000000072ec00000, 0x000000072ec00000, 0x000000072ee00000|  0%| F|  |TAMS 0x000000072ec00000, 0x000000072ec00000| Untracked 
|  89|0x000000072ee00000, 0x000000072ee00000, 0x000000072f000000|  0%| F|  |TAMS 0x000000072ee00000, 0x000000072ee00000| Untracked 
|  90|0x000000072f000000, 0x000000072f000000, 0x000000072f200000|  0%| F|  |TAMS 0x000000072f000000, 0x000000072f000000| Untracked 
|  91|0x000000072f200000, 0x000000072f200000, 0x000000072f400000|  0%| F|  |TAMS 0x000000072f200000, 0x000000072f200000| Untracked 
|  92|0x000000072f400000, 0x000000072f400000, 0x000000072f600000|  0%| F|  |TAMS 0x000000072f400000, 0x000000072f400000| Untracked 
|  93|0x000000072f600000, 0x000000072f600000, 0x000000072f800000|  0%| F|  |TAMS 0x000000072f600000, 0x000000072f600000| Untracked 
|  94|0x000000072f800000, 0x000000072f800000, 0x000000072fa00000|  0%| F|  |TAMS 0x000000072f800000, 0x000000072f800000| Untracked 
|  95|0x000000072fa00000, 0x000000072fa00000, 0x000000072fc00000|  0%| F|  |TAMS 0x000000072fa00000, 0x000000072fa00000| Untracked 
|  96|0x000000072fc00000, 0x000000072fc00000, 0x000000072fe00000|  0%| F|  |TAMS 0x000000072fc00000, 0x000000072fc00000| Untracked 
|  97|0x000000072fe00000, 0x000000072fe00000, 0x0000000730000000|  0%| F|  |TAMS 0x000000072fe00000, 0x000000072fe00000| Untracked 
|  98|0x0000000730000000, 0x0000000730000000, 0x0000000730200000|  0%| F|  |TAMS 0x0000000730000000, 0x0000000730000000| Untracked 
|  99|0x0000000730200000, 0x0000000730200000, 0x0000000730400000|  0%| F|  |TAMS 0x0000000730200000, 0x0000000730200000| Untracked 
| 100|0x0000000730400000, 0x0000000730400000, 0x0000000730600000|  0%| F|  |TAMS 0x0000000730400000, 0x0000000730400000| Untracked 
| 101|0x0000000730600000, 0x0000000730600000, 0x0000000730800000|  0%| F|  |TAMS 0x0000000730600000, 0x0000000730600000| Untracked 
| 102|0x0000000730800000, 0x0000000730800000, 0x0000000730a00000|  0%| F|  |TAMS 0x0000000730800000, 0x0000000730800000| Untracked 
| 103|0x0000000730a00000, 0x0000000730a00000, 0x0000000730c00000|  0%| F|  |TAMS 0x0000000730a00000, 0x0000000730a00000| Untracked 
| 104|0x0000000730c00000, 0x0000000730c00000, 0x0000000730e00000|  0%| F|  |TAMS 0x0000000730c00000, 0x0000000730c00000| Untracked 
| 105|0x0000000730e00000, 0x0000000730e00000, 0x0000000731000000|  0%| F|  |TAMS 0x0000000730e00000, 0x0000000730e00000| Untracked 
| 106|0x0000000731000000, 0x0000000731000000, 0x0000000731200000|  0%| F|  |TAMS 0x0000000731000000, 0x0000000731000000| Untracked 
| 107|0x0000000731200000, 0x00000007313c3370, 0x0000000731400000| 88%| E|  |TAMS 0x0000000731200000, 0x0000000731200000| Complete 
| 108|0x0000000731400000, 0x0000000731600000, 0x0000000731600000|100%| E|CS|TAMS 0x0000000731400000, 0x0000000731400000| Complete 
| 109|0x0000000731600000, 0x0000000731800000, 0x0000000731800000|100%| E|CS|TAMS 0x0000000731600000, 0x0000000731600000| Complete 
| 110|0x0000000731800000, 0x0000000731a00000, 0x0000000731a00000|100%| E|CS|TAMS 0x0000000731800000, 0x0000000731800000| Complete 

Card table byte_map: [0x00000226fd660000,0x00000226fdd50000] _byte_map_base: 0x00000226f9d42000

Marking Bits (Prev, Next): (CMBitMap*) 0x00000226f95d81e0, (CMBitMap*) 0x00000226f95d8220
 Prev Bits: [0x000002268f000000, 0x0000022692710000)
 Next Bits: [0x0000022692710000, 0x0000022695e20000)

Polling page: 0x00000226f7440000

Metaspace:

Usage:
  Non-class:     12.15 MB used.
      Class:      1.41 MB used.
       Both:     13.56 MB used.

Virtual space:
  Non-class space:       16.00 MB reserved,      12.19 MB ( 76%) committed,  2 nodes.
      Class space:        1.00 GB reserved,       1.50 MB ( <1%) committed,  1 nodes.
             Both:        1.02 GB reserved,      13.69 MB (  1%) committed. 

Chunk freelists:
   Non-Class:  3.00 MB
       Class:  2.55 MB
        Both:  5.55 MB

MaxMetaspaceSize: unlimited
CompressedClassSpaceSize: 1.00 GB
Initial GC threshold: 21.00 MB
Current GC threshold: 21.00 MB
CDS: off
MetaspaceReclaimPolicy: balanced
 - commit_granule_bytes: 65536.
 - commit_granule_words: 8192.
 - virtual_space_node_default_size: 1048576.
 - enlarge_chunks_in_place: 1.
 - new_chunks_are_fully_committed: 0.
 - uncommit_free_chunks: 1.
 - use_allocation_guard: 0.
 - handle_deallocations: 1.


Internal statistics:

num_allocs_failed_limit: 0.
num_arena_births: 108.
num_arena_deaths: 0.
num_vsnodes_births: 3.
num_vsnodes_deaths: 0.
num_space_committed: 219.
num_space_uncommitted: 0.
num_chunks_returned_to_freelist: 0.
num_chunks_taken_from_freelist: 169.
num_chunk_merges: 0.
num_chunk_splits: 91.
num_chunks_enlarged: 46.
num_purges: 0.
num_inconsistent_stats: 0.

CodeHeap 'non-profiled nmethods': size=120000Kb used=189Kb max_used=189Kb free=119811Kb
 bounds [0x0000022687ad0000, 0x0000022687d40000, 0x000002268f000000]
CodeHeap 'profiled nmethods': size=120000Kb used=876Kb max_used=876Kb free=119123Kb
 bounds [0x00000226805a0000, 0x0000022680810000, 0x0000022687ad0000]
CodeHeap 'non-nmethods': size=5760Kb used=1251Kb max_used=1251Kb free=4508Kb
 bounds [0x0000022680000000, 0x0000022680270000, 0x00000226805a0000]
 total_blobs=1212 nmethods=641 adapters=484
 compilation: enabled
              stopped_count=0, restarted_count=0
 full_count=0

Compilation events (20 events):
Event: 1.024 Thread 0x00000226ff84e950  633   !   3       javax.swing.UIDefaults::getFromHashtable (239 bytes)
Event: 1.024 Thread 0x00000226ff84e950 nmethod 633 0x0000022680676290 code [0x00000226806765a0, 0x0000022680677a88]
Event: 1.024 Thread 0x00000226ff84e950  634       3       java.lang.Class::reflectionData (43 bytes)
Event: 1.025 Thread 0x00000226ff84e950 nmethod 634 0x0000022680678010 code [0x00000226806781e0, 0x00000226806785f8]
Event: 1.025 Thread 0x00000226ff84e950  635       3       sun.invoke.util.VerifyAccess::isTypeVisible (47 bytes)
Event: 1.025 Thread 0x00000226ff84e950 nmethod 635 0x0000022680678710 code [0x0000022680678900, 0x0000022680678d38]
Event: 1.026 Thread 0x00000226ff84e950  636       1       java.awt.Component::getObjectLock (5 bytes)
Event: 1.026 Thread 0x00000226ff84e950 nmethod 636 0x0000022687afe810 code [0x0000022687afe9a0, 0x0000022687afea78]
Event: 1.043 Thread 0x00000226ff84e950  637       3       java.awt.Component::getTreeLock (4 bytes)
Event: 1.043 Thread 0x00000226ff84e950 nmethod 637 0x0000022680678f10 code [0x00000226806790a0, 0x00000226806791b8]
Event: 1.043 Thread 0x00000226ff84e950  638       3       sun.invoke.util.VerifyAccess::isMemberAccessible (338 bytes)
Event: 1.045 Thread 0x00000226ff84e950 nmethod 638 0x0000022680679290 code [0x0000022680679620, 0x000002268067a9c8]
Event: 1.045 Thread 0x00000226ff84e950  639       1       java.util.concurrent.locks.AbstractOwnableSynchronizer::setExclusiveOwnerThread (6 bytes)
Event: 1.045 Thread 0x00000226ff84e950 nmethod 639 0x0000022687afeb10 code [0x0000022687afeca0, 0x0000022687afedb8]
Event: 1.046 Thread 0x00000226ff84e950  640       1       java.awt.AWTEvent::getID (5 bytes)
Event: 1.046 Thread 0x00000226ff84e950 nmethod 640 0x0000022687afee10 code [0x0000022687afefa0, 0x0000022687aff078]
Event: 1.048 Thread 0x00000226ff84e950  641       1       sun.util.locale.BaseLocale::getLanguage (5 bytes)
Event: 1.048 Thread 0x00000226ff84e950 nmethod 641 0x0000022687aff110 code [0x0000022687aff2a0, 0x0000022687aff378]
Event: 1.049 Thread 0x00000226ff84e950  642       3       sun.util.locale.LocaleUtils::isUpper (18 bytes)
Event: 1.049 Thread 0x00000226ff84e950 nmethod 642 0x000002268067af10 code [0x000002268067b0a0, 0x000002268067b218]

GC Heap History (0 events):
No events

Deoptimization events (6 events):
Event: 0.554 Thread 0x00000226f958d220 DEOPT PACKING pc=0x00000226805b4ce7 sp=0x0000007b298fbbc0
Event: 0.554 Thread 0x00000226f958d220 DEOPT UNPACKING pc=0x0000022680052b43 sp=0x0000007b298fafe0 mode 0
Event: 0.923 Thread 0x00000226f958d220 Uncommon trap: trap_request=0xffffff45 fr.pc=0x0000022687af55a4 relative=0x0000000000000464
Event: 0.923 Thread 0x00000226f958d220 Uncommon trap: reason=unstable_if action=reinterpret pc=0x0000022687af55a4 method=java.lang.StringLatin1.replace([BCC)Ljava/lang/String; @ 19 c2
Event: 0.923 Thread 0x00000226f958d220 DEOPT PACKING pc=0x0000022687af55a4 sp=0x0000007b298fe480
Event: 0.923 Thread 0x00000226f958d220 DEOPT UNPACKING pc=0x00000226800523a3 sp=0x0000007b298fe400 mode 2

Classes unloaded (0 events):
No events

Classes redefined (0 events):
No events

Internal exceptions (12 events):
Event: 0.452 Thread 0x00000226f958d220 Exception <a 'java/lang/ClassNotFoundException'{0x0000000731714900}: sun/awt/resources/spi/awtProvider> (0x0000000731714900) 
thrown [e:\jenkins\tmp\workspace\build\src\src\hotspot\share\classfile\systemDictionary.cpp, line 256]
Event: 0.492 Thread 0x00000226f958d220 Exception <a 'java/io/FileNotFoundException'{0x000000073176f0a0}> (0x000000073176f0a0) 
thrown [e:\jenkins\tmp\workspace\build\src\src\hotspot\share\prims\jni.cpp, line 516]
Event: 0.503 Thread 0x00000226f958d220 Exception <a 'java/io/FileNotFoundException'{0x000000073179c3b8}> (0x000000073179c3b8) 
thrown [e:\jenkins\tmp\workspace\build\src\src\hotspot\share\prims\jni.cpp, line 516]
Event: 0.554 Thread 0x00000226f958d220 Exception <a 'java/lang/NoSuchMethodError'{0x00000007317ec950}: 'java.lang.Object java.lang.invoke.DirectMethodHandle$Holder.invokeStaticInit(java.lang.Object)'> (0x00000007317ec950) 
thrown [e:\jenkins\tmp\workspace\build\src\src\hotspot\share\interpreter\linkResolver.cpp, line 766]
Event: 0.795 Thread 0x00000226f958d220 Exception <a 'java/lang/NoSuchMethodError'{0x00000007314a85c0}: 'void java.lang.invoke.DirectMethodHandle$Holder.invokeSpecial(java.lang.Object, java.lang.Object, java.lang.Object)'> (0x00000007314a85c0) 
thrown [e:\jenkins\tmp\workspace\build\src\src\hotspot\share\interpreter\linkResolver.cpp, line 766]
Event: 0.805 Thread 0x00000226f958d220 Exception <a 'java/lang/NoSuchMethodError'{0x00000007314d2880}: 'java.lang.Object java.lang.invoke.DirectMethodHandle$Holder.newInvokeSpecial(java.lang.Object, java.lang.Object, java.lang.Object, java.lang.Object, java.lang.Object)'> (0x00000007314d2880) 
thrown [e:\jenkins\tmp\workspace\build\src\src\hotspot\share\interpreter\linkResolver.cpp, line 766]
Event: 0.806 Thread 0x00000226f958d220 Exception <a 'java/lang/NoSuchMethodError'{0x00000007314de248}: 'java.lang.Object java.lang.invoke.DirectMethodHandle$Holder.invokeStatic(java.lang.Object, int, java.lang.Object, java.lang.Object, java.lang.Object, java.lang.Object)'> (0x00000007314de248) 
thrown [e:\jenkins\tmp\workspace\build\src\src\hotspot\share\interpreter\linkResolver.cpp, line 766]
Event: 0.811 Thread 0x00000226f958d220 Exception <a 'java/lang/NoSuchMethodError'{0x0000000731503c48}: 'java.lang.Object java.lang.invoke.DirectMethodHandle$Holder.invokeStatic(java.lang.Object, int, java.lang.Object)'> (0x0000000731503c48) 
thrown [e:\jenkins\tmp\workspace\build\src\src\hotspot\share\interpreter\linkResolver.cpp, line 766]
Event: 0.835 Thread 0x00000226f958d220 Exception <a 'java/lang/ClassNotFoundException'{0x00000007315bb640}: com/sun/swing/internal/plaf/metal/resources/spi/metalProvider> (0x00000007315bb640) 
thrown [e:\jenkins\tmp\workspace\build\src\src\hotspot\share\classfile\systemDictionary.cpp, line 256]
Event: 0.836 Thread 0x00000226f958d220 Exception <a 'java/lang/ClassNotFoundException'{0x00000007315bf498}: com/sun/swing/internal/plaf/basic/resources/spi/basicProvider> (0x00000007315bf498) 
thrown [e:\jenkins\tmp\workspace\build\src\src\hotspot\share\classfile\systemDictionary.cpp, line 256]
Event: 0.865 Thread 0x0000022698011200 Exception <a 'java/lang/NoSuchMethodError'{0x000000073140fa88}: 'void java.lang.invoke.DirectMethodHandle$Holder.invokeVirtual(java.lang.Object, java.lang.Object)'> (0x000000073140fa88) 
thrown [e:\jenkins\tmp\workspace\build\src\src\hotspot\share\interpreter\linkResolver.cpp, line 766]
Event: 0.886 Thread 0x00000226f958d220 Exception <a 'java/lang/NoSuchMethodError'{0x00000007315f99e8}: 'void java.lang.invoke.DirectMethodHandle$Holder.invokeStaticInit(java.lang.Object)'> (0x00000007315f99e8) 
thrown [e:\jenkins\tmp\workspace\build\src\src\hotspot\share\interpreter\linkResolver.cpp, line 766]

VM Operations (8 events):
Event: 0.418 Executing VM operation: HandshakeAllThreads
Event: 0.418 Executing VM operation: HandshakeAllThreads done
Event: 0.873 Executing VM operation: HandshakeAllThreads
Event: 0.873 Executing VM operation: HandshakeAllThreads done
Event: 0.913 Executing VM operation: HandshakeAllThreads
Event: 0.913 Executing VM operation: HandshakeAllThreads done
Event: 0.971 Executing VM operation: HandshakeAllThreads
Event: 0.971 Executing VM operation: HandshakeAllThreads done

Events (20 events):
Event: 1.066 loading class sun/nio/ch/IOUtil
Event: 1.066 loading class sun/nio/ch/IOUtil done
Event: 1.068 loading class sun/nio/ch/NativeThreadSet
Event: 1.068 loading class sun/nio/ch/NativeThreadSet done
Event: 1.068 loading class sun/nio/ch/FileDispatcherImpl
Event: 1.068 loading class sun/nio/ch/FileDispatcher
Event: 1.069 loading class sun/nio/ch/NativeDispatcher
Event: 1.069 loading class sun/nio/ch/NativeDispatcher done
Event: 1.069 loading class sun/nio/ch/FileDispatcher done
Event: 1.069 loading class sun/nio/ch/FileDispatcherImpl done
Event: 1.069 loading class java/nio/channels/spi/AbstractInterruptibleChannel$1
Event: 1.069 loading class sun/nio/ch/Interruptible
Event: 1.069 loading class sun/nio/ch/Interruptible done
Event: 1.069 loading class java/nio/channels/spi/AbstractInterruptibleChannel$1 done
Event: 1.069 loading class sun/nio/ch/NativeThread
Event: 1.069 loading class sun/nio/ch/NativeThread done
Event: 1.069 loading class sun/nio/ch/IOStatus
Event: 1.069 loading class sun/nio/ch/IOStatus done
Event: 1.069 loading class sun/nio/ch/Util
Event: 1.069 loading class sun/nio/ch/Util done


Dynamic libraries:
0x00007ff7d3c60000 - 0x00007ff7d3c6e000 	C:\Users\MidNidgetBigga\.p2\pool\plugins\org.eclipse.justj.openjdk.hotspot.jre.full.win32.x86_64_17.0.1.v20211116-1657\jre\bin\javaw.exe
0x00007fff5ebf0000 - 0x00007fff5ede5000 	C:\Windows\SYSTEM32\ntdll.dll
0x00007fff5e820000 - 0x00007fff5e8de000 	C:\Windows\System32\KERNEL32.DLL
0x00007fff5c590000 - 0x00007fff5c858000 	C:\Windows\System32\KERNELBASE.dll
0x00007fff5caa0000 - 0x00007fff5cba0000 	C:\Windows\System32\ucrtbase.dll
0x00007fff56a60000 - 0x00007fff56a79000 	C:\Users\MidNidgetBigga\.p2\pool\plugins\org.eclipse.justj.openjdk.hotspot.jre.full.win32.x86_64_17.0.1.v20211116-1657\jre\bin\VCRUNTIME140.dll
0x00007fff512d0000 - 0x00007fff512e8000 	C:\Users\MidNidgetBigga\.p2\pool\plugins\org.eclipse.justj.openjdk.hotspot.jre.full.win32.x86_64_17.0.1.v20211116-1657\jre\bin\jli.dll
0x00007fff5d770000 - 0x00007fff5d910000 	C:\Windows\System32\USER32.dll
0x00007fff5c560000 - 0x00007fff5c582000 	C:\Windows\System32\win32u.dll
0x00007fff4efa0000 - 0x00007fff4f23a000 	C:\Windows\WinSxS\amd64_microsoft.windows.common-controls_6595b64144ccf1df_6.0.19041.1110_none_60b5254171f9507e\COMCTL32.dll
0x00007fff5d910000 - 0x00007fff5d93b000 	C:\Windows\System32\GDI32.dll
0x00007fff5eb10000 - 0x00007fff5ebae000 	C:\Windows\System32\msvcrt.dll
0x00007fff5c8f0000 - 0x00007fff5c9fb000 	C:\Windows\System32\gdi32full.dll
0x00007fff5ca00000 - 0x00007fff5ca9d000 	C:\Windows\System32\msvcp_win.dll
0x00007fff5e8e0000 - 0x00007fff5e910000 	C:\Windows\System32\IMM32.DLL
0x00007fff512c0000 - 0x00007fff512cc000 	C:\Users\MidNidgetBigga\.p2\pool\plugins\org.eclipse.justj.openjdk.hotspot.jre.full.win32.x86_64_17.0.1.v20211116-1657\jre\bin\vcruntime140_1.dll
0x00007fff51220000 - 0x00007fff512b1000 	C:\Users\MidNidgetBigga\.p2\pool\plugins\org.eclipse.justj.openjdk.hotspot.jre.full.win32.x86_64_17.0.1.v20211116-1657\jre\bin\msvcp140.dll
0x00007ffeff7e0000 - 0x00007fff00426000 	C:\Users\MidNidgetBigga\.p2\pool\plugins\org.eclipse.justj.openjdk.hotspot.jre.full.win32.x86_64_17.0.1.v20211116-1657\jre\bin\server\jvm.dll
0x00007fff5d940000 - 0x00007fff5d9ee000 	C:\Windows\System32\ADVAPI32.dll
0x00007fff5cea0000 - 0x00007fff5cf3c000 	C:\Windows\System32\sechost.dll
0x00007fff5e9e0000 - 0x00007fff5eb05000 	C:\Windows\System32\RPCRT4.dll
0x00007fff5da10000 - 0x00007fff5da18000 	C:\Windows\System32\PSAPI.DLL
0x00007fff56d60000 - 0x00007fff56d69000 	C:\Windows\SYSTEM32\WSOCK32.dll
0x00007fff5e910000 - 0x00007fff5e97b000 	C:\Windows\System32\WS2_32.dll
0x00007fff4e720000 - 0x00007fff4e747000 	C:\Windows\SYSTEM32\WINMM.dll
0x00007fff534b0000 - 0x00007fff534ba000 	C:\Windows\SYSTEM32\VERSION.dll
0x00007fff5a240000 - 0x00007fff5a252000 	C:\Windows\SYSTEM32\kernel.appcore.dll
0x00007fff56980000 - 0x00007fff5698a000 	C:\Users\MidNidgetBigga\.p2\pool\plugins\org.eclipse.justj.openjdk.hotspot.jre.full.win32.x86_64_17.0.1.v20211116-1657\jre\bin\jimage.dll
0x00007fff526b0000 - 0x00007fff52894000 	C:\Windows\SYSTEM32\DBGHELP.DLL
0x00007fff4d510000 - 0x00007fff4d53c000 	C:\Windows\SYSTEM32\dbgcore.DLL
0x00007fff5c860000 - 0x00007fff5c8e2000 	C:\Windows\System32\bcryptPrimitives.dll
0x00007fff513a0000 - 0x00007fff513c5000 	C:\Users\MidNidgetBigga\.p2\pool\plugins\org.eclipse.justj.openjdk.hotspot.jre.full.win32.x86_64_17.0.1.v20211116-1657\jre\bin\java.dll
0x00007fff552f0000 - 0x00007fff55308000 	C:\Users\MidNidgetBigga\.p2\pool\plugins\org.eclipse.justj.openjdk.hotspot.jre.full.win32.x86_64_17.0.1.v20211116-1657\jre\bin\zip.dll
0x00007fff5dd70000 - 0x00007fff5e4b4000 	C:\Windows\System32\SHELL32.dll
0x00007fff5a440000 - 0x00007fff5abd4000 	C:\Windows\SYSTEM32\windows.storage.dll
0x00007fff5e4c0000 - 0x00007fff5e814000 	C:\Windows\System32\combase.dll
0x00007fff5bca0000 - 0x00007fff5bccc000 	C:\Windows\SYSTEM32\Wldp.dll
0x00007fff5d6c0000 - 0x00007fff5d76d000 	C:\Windows\System32\SHCORE.dll
0x00007fff5dd10000 - 0x00007fff5dd65000 	C:\Windows\System32\shlwapi.dll
0x00007fff5c250000 - 0x00007fff5c26f000 	C:\Windows\SYSTEM32\profapi.dll
0x00007fff51380000 - 0x00007fff51399000 	C:\Users\MidNidgetBigga\.p2\pool\plugins\org.eclipse.justj.openjdk.hotspot.jre.full.win32.x86_64_17.0.1.v20211116-1657\jre\bin\net.dll
0x00007fff538f0000 - 0x00007fff539f9000 	C:\Windows\SYSTEM32\WINHTTP.dll
0x00007fff5ba00000 - 0x00007fff5ba6a000 	C:\Windows\system32\mswsock.dll
0x00007fff51360000 - 0x00007fff51375000 	C:\Users\MidNidgetBigga\.p2\pool\plugins\org.eclipse.justj.openjdk.hotspot.jre.full.win32.x86_64_17.0.1.v20211116-1657\jre\bin\nio.dll
0x00007fff46c70000 - 0x00007fff46dfe000 	C:\Users\MidNidgetBigga\.p2\pool\plugins\org.eclipse.justj.openjdk.hotspot.jre.full.win32.x86_64_17.0.1.v20211116-1657\jre\bin\awt.dll
0x00007fff5d5f0000 - 0x00007fff5d6bd000 	C:\Windows\System32\OLEAUT32.dll
0x00007fff59b80000 - 0x00007fff59c10000 	C:\Windows\SYSTEM32\apphelp.dll
0x00007fff59e70000 - 0x00007fff59e9f000 	C:\Windows\system32\DWMAPI.DLL
0x00007fff59d10000 - 0x00007fff59dae000 	C:\Windows\system32\uxtheme.dll
0x00007fff441b0000 - 0x00007fff442d6000 	C:\Windows\system32\opengl32.dll
0x00007fff511f0000 - 0x00007fff5121c000 	C:\Windows\SYSTEM32\GLU32.dll
0x00007fff5dab0000 - 0x00007fff5dbc6000 	C:\Windows\System32\MSCTF.dll
0x00007fff5dbe0000 - 0x00007fff5dd0a000 	C:\Windows\System32\ole32.dll
0x00007fff240b0000 - 0x00007fff2427f000 	C:\Windows\system32\d3d9.dll
0x00007fff3bcf0000 - 0x00007fff3bea8000 	C:\Windows\System32\DriverStore\FileRepository\u0376209.inf_amd64_b3bdffadea4def3f\B374968\aticfx64.dll
0x00007fff42da0000 - 0x00007fff42dd4000 	C:\Windows\System32\DriverStore\FileRepository\u0376209.inf_amd64_b3bdffadea4def3f\B374968\atiu9p64.dll
0x00007fff23350000 - 0x00007fff240a4000 	C:\Windows\System32\DriverStore\FileRepository\u0376209.inf_amd64_b3bdffadea4def3f\B374968\atiumd64.dll
0x0000000056ea0000 - 0x0000000057d15000 	C:\Windows\System32\DriverStore\FileRepository\u0376209.inf_amd64_b3bdffadea4def3f\B374968\atiumd6a.dll
0x00007fff5d180000 - 0x00007fff5d5f0000 	C:\Windows\System32\SETUPAPI.dll
0x00007fff5c510000 - 0x00007fff5c55e000 	C:\Windows\System32\cfgmgr32.dll
0x00007fff5c380000 - 0x00007fff5c3a7000 	C:\Windows\System32\bcrypt.dll
0x00007fff5c180000 - 0x00007fff5c1cb000 	C:\Windows\SYSTEM32\POWRPROF.dll
0x00007fff5c160000 - 0x00007fff5c172000 	C:\Windows\SYSTEM32\UMPDC.dll
0x00007fff3bc80000 - 0x00007fff3bcb0000 	C:\Windows\SYSTEM32\amdihk64.dll
0x00007fff51160000 - 0x00007fff511e9000 	C:\Users\MidNidgetBigga\.p2\pool\plugins\org.eclipse.justj.openjdk.hotspot.jre.full.win32.x86_64_17.0.1.v20211116-1657\jre\bin\freetype.dll
0x00007fff47d40000 - 0x00007fff47de8000 	C:\Users\MidNidgetBigga\.p2\pool\plugins\org.eclipse.justj.openjdk.hotspot.jre.full.win32.x86_64_17.0.1.v20211116-1657\jre\bin\fontmanager.dll
0x00007fff48370000 - 0x00007fff48469000 	C:\Windows\SYSTEM32\textinputframework.dll
0x00007fff59180000 - 0x00007fff594de000 	C:\Windows\System32\CoreUIComponents.dll
0x00007fff59940000 - 0x00007fff59a32000 	C:\Windows\System32\CoreMessaging.dll
0x00007fff5b010000 - 0x00007fff5b043000 	C:\Windows\SYSTEM32\ntmarta.dll
0x00007fff581a0000 - 0x00007fff582f4000 	C:\Windows\SYSTEM32\wintypes.dll
0x00007fff41820000 - 0x00007fff418cc000 	C:\Windows\SYSTEM32\TextShaping.dll
0x00007fff5cd10000 - 0x00007fff5cdb9000 	C:\Windows\System32\clbcatq.dll
0x00007fff57240000 - 0x00007fff573f4000 	C:\Windows\SYSTEM32\WindowsCodecs.dll
0x00007fff3fe40000 - 0x00007fff3fe7e000 	C:\Windows\system32\dataexchange.dll
0x00007fff58f90000 - 0x00007fff59175000 	C:\Windows\system32\dcomp.dll
0x00007fff58760000 - 0x00007fff589c4000 	C:\Windows\system32\d3d11.dll
0x00007fff5ac20000 - 0x00007fff5ad13000 	C:\Windows\system32\dxgi.dll
0x00007fff57440000 - 0x00007fff57641000 	C:\Windows\system32\twinapi.appcore.dll

dbghelp: loaded successfully - version: 4.0.5 - missing functions: none
symbol engine: initialized successfully - sym options: 0x614 - pdb path: .;C:\Users\MidNidgetBigga\.p2\pool\plugins\org.eclipse.justj.openjdk.hotspot.jre.full.win32.x86_64_17.0.1.v20211116-1657\jre\bin;C:\Windows\SYSTEM32;C:\Windows\WinSxS\amd64_microsoft.windows.common-controls_6595b64144ccf1df_6.0.19041.1110_none_60b5254171f9507e;C:\Users\MidNidgetBigga\.p2\pool\plugins\org.eclipse.justj.openjdk.hotspot.jre.full.win32.x86_64_17.0.1.v20211116-1657\jre\bin\server;C:\Windows\System32\DriverStore\FileRepository\u0376209.inf_amd64_b3bdffadea4def3f\B374968

VM Arguments:
jvm_args: -Dfile.encoding=Cp1252 -XX:+ShowCodeDetailsInExceptionMessages 
java_command: Main
java_class_path (initial): C:\Users\MidNidgetBigga\eclipse-workspace\Proiect_Licenta\build\classes;C:\Program Files\Apache Software Foundation\Tomcat 10.0\lib\annotations-api.jar;C:\Program Files\Apache Software Foundation\Tomcat 10.0\lib\catalina-ant.jar;C:\Program Files\Apache Software Foundation\Tomcat 10.0\lib\catalina-ha.jar;C:\Program Files\Apache Software Foundation\Tomcat 10.0\lib\catalina-ssi.jar;C:\Program Files\Apache Software Foundation\Tomcat 10.0\lib\catalina-storeconfig.jar;C:\Program Files\Apache Software Foundation\Tomcat 10.0\lib\catalina-tribes.jar;C:\Program Files\Apache Software Foundation\Tomcat 10.0\lib\catalina.jar;C:\Program Files\Apache Software Foundation\Tomcat 10.0\lib\ecj-4.20.jar;C:\Program Files\Apache Software Foundation\Tomcat 10.0\lib\el-api.jar;C:\Program Files\Apache Software Foundation\Tomcat 10.0\lib\jakartaee-migration-1.0.0-shaded.jar;C:\Program Files\Apache Software Foundation\Tomcat 10.0\lib\jasper-el.jar;C:\Program Files\Apache Software Foundation\Tomcat 10.0\lib\jasper.jar;C:\Program Files\Apache Software Foundation\Tomcat 10.0\lib\jaspic-api.jar;C:\Program Files\Apache Software Foundation\Tomcat 10.0\lib\json-20211205.jar;C:\Program Files\Apache Software Foundation\Tomcat 10.0\lib\jsp-api.jar;C:\Program Files\Apache Software Foundation\Tomcat 10.0\lib\mysql-connector-java-8.0.27.jar;C:\Program Files\Apache Software Foundation\Tomcat 10.0\lib\servlet-api.jar;C:\Program Files\Apache Software Foundation\Tomcat 10.0\lib\tomcat-api.jar;C:\Program Files\Apache Software Foundation\Tomcat 10.0\lib\tomcat-coyote.jar;C:\Program Files\Apache Software Foundation\Tomcat 10.0\lib\tomcat-dbcp.jar;C:\Program Files\Apache Software Foundation\Tomcat 10.0\lib\tomcat-i18n-cs.jar;C:\Program Files\Apache Software Foundation\Tomcat 10.0\lib\tomcat-i18n-de.jar;C:\Program Files\Apache Software Foundation\Tomcat 10.0\lib\tomcat-i18n-es.jar;C:\Program Files\Apache Software Foundation\Tomcat 10.0\lib\tomcat-i18n-fr.jar;C:\Program Files\Apache Sof
Launcher Type: SUN_STANDARD

[Global flags]
     intx CICompilerCount                          = 4                                         {product} {ergonomic}
     uint ConcGCThreads                            = 2                                         {product} {ergonomic}
     uint G1ConcRefinementThreads                  = 8                                         {product} {ergonomic}
   size_t G1HeapRegionSize                         = 2097152                                   {product} {ergonomic}
    uintx GCDrainStackTargetSize                   = 64                                        {product} {ergonomic}
   size_t InitialHeapSize                          = 232783872                                 {product} {ergonomic}
   size_t MarkStackSize                            = 4194304                                   {product} {ergonomic}
   size_t MaxHeapSize                              = 3695181824                                {product} {ergonomic}
   size_t MaxNewSize                               = 2216689664                                {product} {ergonomic}
   size_t MinHeapDeltaBytes                        = 2097152                                   {product} {ergonomic}
   size_t MinHeapSize                              = 8388608                                   {product} {ergonomic}
    uintx NonNMethodCodeHeapSize                   = 5839372                                {pd product} {ergonomic}
    uintx NonProfiledCodeHeapSize                  = 122909434                              {pd product} {ergonomic}
    uintx ProfiledCodeHeapSize                     = 122909434                              {pd product} {ergonomic}
    uintx ReservedCodeCacheSize                    = 251658240                              {pd product} {ergonomic}
     bool SegmentedCodeCache                       = true                                      {product} {ergonomic}
     bool ShowCodeDetailsInExceptionMessages       = true                                   {manageable} {command line}
   size_t SoftMaxHeapSize                          = 3695181824                             {manageable} {ergonomic}
     bool UseCompressedClassPointers               = true                           {product lp64_product} {ergonomic}
     bool UseCompressedOops                        = true                           {product lp64_product} {ergonomic}
     bool UseG1GC                                  = true                                      {product} {ergonomic}
     bool UseLargePagesIndividualAllocation        = false                                  {pd product} {ergonomic}

Logging:
Log output configuration:
 #0: stdout all=warning uptime,level,tags
 #1: stderr all=off uptime,level,tags

Environment Variables:
PATH=C:/Users/MidNidgetBigga/.p2/pool/plugins/org.eclipse.justj.openjdk.hotspot.jre.full.win32.x86_64_17.0.1.v20211116-1657/jre/bin/server;C:/Users/MidNidgetBigga/.p2/pool/plugins/org.eclipse.justj.openjdk.hotspot.jre.full.win32.x86_64_17.0.1.v20211116-1657/jre/bin;C:\Windows\system32;C:\Windows;C:\Windows\System32\Wbem;C:\Windows\System32\WindowsPowerShell\v1.0\;C:\Windows\System32\OpenSSH\;C:\ProgramData\chocolatey\bin;C:\Program Files\dotnet\;C:\Users\MidNidgetBigga\AppData\Local\Microsoft\WindowsApps;;C:\Users\MidNidgetBigga\AppData\Local\Programs\Microsoft VS Code\bin;C:\Windows\system32;
USERNAME=MidNidgetBigga
OS=Windows_NT
PROCESSOR_IDENTIFIER=AMD64 Family 23 Model 49 Stepping 0, AuthenticAMD



---------------  S Y S T E M  ---------------

OS:
 Windows 10 , 64 bit Build 19041 (10.0.19041.1566)
OS uptime: 0 days 5:36 hours
KVM virtualization detected

CPU: total 8 (initial active 8) (8 cores per cpu, 2 threads per core) family 23 model 49 stepping 0 microcode 0x0, cx8, cmov, fxsr, ht, mmx, 3dnowpref, sse, sse2, sse3, ssse3, sse4a, sse4.1, sse4.2, popcnt, lzcnt, tsc, avx, avx2, aes, clmul, bmi1, bmi2, adx, sha, fma, vzeroupper, clflush, clflushopt, hv

Memory: 4k page, system-wide physical 14088M (5222M free)
TotalPageFile size 39610M (AvailPageFile size 1M)
current process WorkingSet (physical memory assigned to process): 70M, peak: 70M
current process commit charge ("private bytes"): 327M, peak: 327M

vm_info: OpenJDK 64-Bit Server VM (17.0.1+12) for windows-amd64 JRE (17.0.1+12), built on Oct 20 2021 07:42:55 by "" with MS VC++ 16.7 (VS2019)

END.
